test    Test    ï»¿2025-03-16T08:07:44.5460053Z ##[group]Run go test -v ./...
test    Test    2025-03-16T08:07:44.5460539Z go test -v ./...
test    Test    2025-03-16T08:07:44.5514029Z shell: /usr/bin/bash -e {0}
test    Test    2025-03-16T08:07:44.5514274Z ##[endgroup]
test    Test    2025-03-16T08:07:50.6278330Z 2025/03/16 08:07:50 Warning: Failed to delete com.apple.dock.tilesize: exec: "defaults": executable file not found in $PATH
test    Test    2025-03-16T08:07:50.6279718Z 2025/03/16 08:07:50 Warning: Failed to delete com.apple.finder.ShowPathbar: exec: "defaults": executable file not found in $PATH
test    Test    2025-03-16T08:07:50.6280805Z 2025/03/16 08:07:50 Warning: Failed to delete com.apple.screencapture.location: exec: "defaults": executable file not found in $PATH
test    Test    2025-03-16T08:07:50.6281802Z 2025/03/16 08:07:50 Warning: Failed to delete com.apple.screencapture.type: exec: "defaults": executable file not found in $PATH
test    Test    2025-03-16T08:07:50.6282592Z --- FAIL: TestE2E (0.19s)
test    Test    2025-03-16T08:07:50.6282887Z     --- FAIL: TestE2E/PullCommand (0.01s)
test    Test    2025-03-16T08:07:50.6284131Z         e2e_test.go:85: Expected config to contain type information, but got: com.apple.dock tilesize
test    Test    2025-03-16T08:07:50.6284767Z             com.apple.finder ShowPathbar
test    Test    2025-03-16T08:07:50.6285145Z             com.apple.screencapture location
test    Test    2025-03-16T08:07:50.6285502Z             com.apple.screencapture type
test    Test    2025-03-16T08:07:50.6285793Z     --- FAIL: TestE2E/PushCommand (0.01s)
test    Test    2025-03-16T08:07:50.6286680Z         e2e_test.go:115: Push command output: Work In Progress: This tool uses macOS specific commands and may not function correctly on Linux/Windows.
test    Test    2025-03-16T08:07:50.6287241Z             Version:
test    Test    2025-03-16T08:07:50.6287509Z             Architecture:
test    Test    2025-03-16T08:07:50.6288006Z             - com.apple.dock tilesize -integer 48
test    Test    2025-03-16T08:07:50.6288541Z             - com.apple.finder ShowPathbar -boolean true
test    Test    2025-03-16T08:07:50.6289429Z             - com.apple.screencapture location -string "/tmp"
test    Test    2025-03-16T08:07:50.6290114Z             Success: Configurations pushed successfully
test    Test    2025-03-16T08:07:50.6290594Z         e2e_test.go:129: Checking value for com.apple.dock tilesize
test    Test    2025-03-16T08:07:50.6291389Z         e2e_test.go:133: Failed to read com.apple.dock.tilesize value: exec: "defaults": executable file not found in $PATH
test    Test    2025-03-16T08:07:50.6292140Z             Output:
test    Test    2025-03-16T08:07:50.6292761Z         e2e_test.go:139: Failed to list domains: exec: "defaults": executable file not found in $PATH
test    Test    2025-03-16T08:07:50.6293434Z         e2e_test.go:129: Checking value for com.apple.finder ShowPathbar
test    Test    2025-03-16T08:07:50.6294419Z         e2e_test.go:133: Failed to read com.apple.finder.ShowPathbar value: exec: "defaults": executable file not found in $PATH
test    Test    2025-03-16T08:07:50.6294915Z             Output:
test    Test    2025-03-16T08:07:50.6295450Z         e2e_test.go:139: Failed to list domains: exec: "defaults": executable file not found in $PATH
test    Test    2025-03-16T08:07:50.6296076Z         e2e_test.go:129: Checking value for com.apple.screencapture location
test    Test    2025-03-16T08:07:50.6296913Z         e2e_test.go:133: Failed to read com.apple.screencapture.location value: exec: "defaults": executable file not found in $PATH
test    Test    2025-03-16T08:07:50.6297454Z             Output:
test    Test    2025-03-16T08:07:50.6297991Z         e2e_test.go:139: Failed to list domains: exec: "defaults": executable file not found in $PATH
test    Test    2025-03-16T08:07:50.6298396Z 2025/03/16 08:07:50 Skipping : Value is nil
test    Test    2025-03-16T08:07:50.6304787Z 2025/03/16 08:07:50 Failed to write defaults for autohide: exit status 127
test    Test    2025-03-16T08:07:50.6320024Z 2025/03/16 08:07:50 Failed to write defaults for tilesize: exit status 127
test    Test    2025-03-16T08:07:50.6335690Z 2025/03/16 08:07:50 Failed to write defaults for ShowPathbar: exit status 127
test    Test    2025-03-16T08:07:50.6351115Z 2025/03/16 08:07:50 Failed to write defaults for SearchWindowName: exit status 127
test    Test    2025-03-16T08:07:50.6366646Z 2025/03/16 08:07:50 Failed to write defaults for testvalue: exit status 127
test    Test    2025-03-16T08:07:50.6386261Z 2025/03/16 08:07:50 Failed to write defaults for key0: exit status 127
test    Test    2025-03-16T08:07:50.6401376Z 2025/03/16 08:07:50 Failed to write defaults for key1: exit status 127
test    Test    2025-03-16T08:07:50.6416373Z 2025/03/16 08:07:50 Failed to write defaults for key2: exit status 127
test    Test    2025-03-16T08:07:50.6431832Z 2025/03/16 08:07:50 Failed to write defaults for key3: exit status 127
test    Test    2025-03-16T08:07:50.6446743Z 2025/03/16 08:07:50 Failed to write defaults for key4: exit status 127
test    Test    2025-03-16T08:07:50.6461621Z 2025/03/16 08:07:50 Failed to write defaults for key5: exit status 127
test    Test    2025-03-16T08:07:50.6477051Z 2025/03/16 08:07:50 Failed to write defaults for key6: exit status 127
test    Test    2025-03-16T08:07:50.6492519Z 2025/03/16 08:07:50 Failed to write defaults for key7: exit status 127
test    Test    2025-03-16T08:07:50.6508213Z 2025/03/16 08:07:50 Failed to write defaults for key8: exit status 127
test    Test    2025-03-16T08:07:50.6524543Z 2025/03/16 08:07:50 Failed to write defaults for key9: exit status 127
test    Test    2025-03-16T08:07:50.6539950Z 2025/03/16 08:07:50 Failed to write defaults for key10: exit status 127
test    Test    2025-03-16T08:07:50.6555616Z 2025/03/16 08:07:50 Failed to write defaults for key11: exit status 127
test    Test    2025-03-16T08:07:50.6570645Z 2025/03/16 08:07:50 Failed to write defaults for key12: exit status 127
test    Test    2025-03-16T08:07:50.6585909Z 2025/03/16 08:07:50 Failed to write defaults for key13: exit status 127
test    Test    2025-03-16T08:07:50.6601021Z 2025/03/16 08:07:50 Failed to write defaults for key14: exit status 127
test    Test    2025-03-16T08:07:50.6616514Z 2025/03/16 08:07:50 Failed to write defaults for key15: exit status 127
test    Test    2025-03-16T08:07:50.6631710Z 2025/03/16 08:07:50 Failed to write defaults for key16: exit status 127
test    Test    2025-03-16T08:07:50.6646740Z 2025/03/16 08:07:50 Failed to write defaults for key17: exit status 127
test    Test    2025-03-16T08:07:50.6661663Z 2025/03/16 08:07:50 Failed to write defaults for key18: exit status 127
test    Test    2025-03-16T08:07:50.6676421Z 2025/03/16 08:07:50 Failed to write defaults for key19: exit status 127
test    Test    2025-03-16T08:07:50.6691871Z 2025/03/16 08:07:50 Failed to write defaults for key20: exit status 127
test    Test    2025-03-16T08:07:50.6707028Z 2025/03/16 08:07:50 Failed to write defaults for key21: exit status 127
test    Test    2025-03-16T08:07:50.6721896Z 2025/03/16 08:07:50 Failed to write defaults for key22: exit status 127
test    Test    2025-03-16T08:07:50.6737662Z 2025/03/16 08:07:50 Failed to write defaults for key23: exit status 127
test    Test    2025-03-16T08:07:50.6752553Z 2025/03/16 08:07:50 Failed to write defaults for key24: exit status 127
test    Test    2025-03-16T08:07:50.6768274Z 2025/03/16 08:07:50 Failed to write defaults for key25: exit status 127
test    Test    2025-03-16T08:07:50.6783438Z 2025/03/16 08:07:50 Failed to write defaults for key26: exit status 127
test    Test    2025-03-16T08:07:50.6798473Z 2025/03/16 08:07:50 Failed to write defaults for key27: exit status 127
test    Test    2025-03-16T08:07:50.6813926Z 2025/03/16 08:07:50 Failed to write defaults for key28: exit status 127
test    Test    2025-03-16T08:07:50.6828841Z 2025/03/16 08:07:50 Failed to write defaults for key29: exit status 127
test    Test    2025-03-16T08:07:50.6844064Z 2025/03/16 08:07:50 Failed to write defaults for key30: exit status 127
test    Test    2025-03-16T08:07:50.6859228Z 2025/03/16 08:07:50 Failed to write defaults for key31: exit status 127
test    Test    2025-03-16T08:07:50.6874498Z 2025/03/16 08:07:50 Failed to write defaults for key32: exit status 127
test    Test    2025-03-16T08:07:50.6890013Z 2025/03/16 08:07:50 Failed to write defaults for key33: exit status 127
test    Test    2025-03-16T08:07:50.6905254Z 2025/03/16 08:07:50 Failed to write defaults for key34: exit status 127
test    Test    2025-03-16T08:07:50.6920168Z 2025/03/16 08:07:50 Failed to write defaults for key35: exit status 127
test    Test    2025-03-16T08:07:50.6935655Z 2025/03/16 08:07:50 Failed to write defaults for key36: exit status 127
test    Test    2025-03-16T08:07:50.6951980Z 2025/03/16 08:07:50 Failed to write defaults for key37: exit status 127
test    Test    2025-03-16T08:07:50.6969126Z 2025/03/16 08:07:50 Failed to write defaults for key38: exit status 127
test    Test    2025-03-16T08:07:50.6984729Z 2025/03/16 08:07:50 Failed to write defaults for key39: exit status 127
test    Test    2025-03-16T08:07:50.6999725Z 2025/03/16 08:07:50 Failed to write defaults for key40: exit status 127
test    Test    2025-03-16T08:07:50.7015483Z 2025/03/16 08:07:50 Failed to write defaults for key41: exit status 127
test    Test    2025-03-16T08:07:50.7032128Z 2025/03/16 08:07:50 Failed to write defaults for key42: exit status 127
test    Test    2025-03-16T08:07:50.7048840Z 2025/03/16 08:07:50 Failed to write defaults for key43: exit status 127
test    Test    2025-03-16T08:07:50.7064422Z 2025/03/16 08:07:50 Failed to write defaults for key44: exit status 127
test    Test    2025-03-16T08:07:50.7080063Z 2025/03/16 08:07:50 Failed to write defaults for key45: exit status 127
test    Test    2025-03-16T08:07:50.7095491Z 2025/03/16 08:07:50 Failed to write defaults for key46: exit status 127
test    Test    2025-03-16T08:07:50.7110415Z 2025/03/16 08:07:50 Failed to write defaults for key47: exit status 127
test    Test    2025-03-16T08:07:50.7125844Z 2025/03/16 08:07:50 Failed to write defaults for key48: exit status 127
test    Test    2025-03-16T08:07:50.7140819Z 2025/03/16 08:07:50 Failed to write defaults for key49: exit status 127
test    Test    2025-03-16T08:07:50.7156034Z 2025/03/16 08:07:50 Failed to write defaults for key50: exit status 127
test    Test    2025-03-16T08:07:50.7170978Z 2025/03/16 08:07:50 Failed to write defaults for key51: exit status 127
test    Test    2025-03-16T08:07:50.7186380Z 2025/03/16 08:07:50 Failed to write defaults for key52: exit status 127
test    Test    2025-03-16T08:07:50.7201491Z 2025/03/16 08:07:50 Failed to write defaults for key53: exit status 127
test    Test    2025-03-16T08:07:50.7216501Z 2025/03/16 08:07:50 Failed to write defaults for key54: exit status 127
test    Test    2025-03-16T08:07:50.7231517Z 2025/03/16 08:07:50 Failed to write defaults for key55: exit status 127
test    Test    2025-03-16T08:07:50.7246477Z 2025/03/16 08:07:50 Failed to write defaults for key56: exit status 127
test    Test    2025-03-16T08:07:50.7262002Z 2025/03/16 08:07:50 Failed to write defaults for key57: exit status 127
test    Test    2025-03-16T08:07:50.7278335Z 2025/03/16 08:07:50 Failed to write defaults for key58: exit status 127
test    Test    2025-03-16T08:07:50.7297244Z 2025/03/16 08:07:50 Failed to write defaults for key59: exit status 127
test    Test    2025-03-16T08:07:50.7312285Z 2025/03/16 08:07:50 Failed to write defaults for key60: exit status 127
test    Test    2025-03-16T08:07:50.7327993Z 2025/03/16 08:07:50 Failed to write defaults for key61: exit status 127
test    Test    2025-03-16T08:07:50.7343172Z 2025/03/16 08:07:50 Failed to write defaults for key62: exit status 127
test    Test    2025-03-16T08:07:50.7358694Z 2025/03/16 08:07:50 Failed to write defaults for key63: exit status 127
test    Test    2025-03-16T08:07:50.7374290Z 2025/03/16 08:07:50 Failed to write defaults for key64: exit status 127
test    Test    2025-03-16T08:07:50.7389694Z 2025/03/16 08:07:50 Failed to write defaults for key65: exit status 127
test    Test    2025-03-16T08:07:50.7405359Z 2025/03/16 08:07:50 Failed to write defaults for key66: exit status 127
test    Test    2025-03-16T08:07:50.7421409Z 2025/03/16 08:07:50 Failed to write defaults for key67: exit status 127
test    Test    2025-03-16T08:07:50.7436755Z 2025/03/16 08:07:50 Failed to write defaults for key68: exit status 127
test    Test    2025-03-16T08:07:50.7451717Z 2025/03/16 08:07:50 Failed to write defaults for key69: exit status 127
test    Test    2025-03-16T08:07:50.7466827Z 2025/03/16 08:07:50 Failed to write defaults for key70: exit status 127
test    Test    2025-03-16T08:07:50.7481859Z 2025/03/16 08:07:50 Failed to write defaults for key71: exit status 127
test    Test    2025-03-16T08:07:50.7497118Z 2025/03/16 08:07:50 Failed to write defaults for key72: exit status 127
test    Test    2025-03-16T08:07:50.7511975Z 2025/03/16 08:07:50 Failed to write defaults for key73: exit status 127
test    Test    2025-03-16T08:07:50.7527290Z 2025/03/16 08:07:50 Failed to write defaults for key74: exit status 127
test    Test    2025-03-16T08:07:50.7542728Z 2025/03/16 08:07:50 Failed to write defaults for key75: exit status 127
test    Test    2025-03-16T08:07:50.7557972Z 2025/03/16 08:07:50 Failed to write defaults for key76: exit status 127
test    Test    2025-03-16T08:07:50.7573114Z 2025/03/16 08:07:50 Failed to write defaults for key77: exit status 127
test    Test    2025-03-16T08:07:50.7588213Z 2025/03/16 08:07:50 Failed to write defaults for key78: exit status 127
test    Test    2025-03-16T08:07:50.7603296Z 2025/03/16 08:07:50 Failed to write defaults for key79: exit status 127
test    Test    2025-03-16T08:07:50.7618986Z 2025/03/16 08:07:50 Failed to write defaults for key80: exit status 127
test    Test    2025-03-16T08:07:50.7634139Z 2025/03/16 08:07:50 Failed to write defaults for key81: exit status 127
test    Test    2025-03-16T08:07:50.7649860Z 2025/03/16 08:07:50 Failed to write defaults for key82: exit status 127
test    Test    2025-03-16T08:07:50.7665193Z 2025/03/16 08:07:50 Failed to write defaults for key83: exit status 127
test    Test    2025-03-16T08:07:50.7681530Z 2025/03/16 08:07:50 Failed to write defaults for key84: exit status 127
test    Test    2025-03-16T08:07:50.7697670Z 2025/03/16 08:07:50 Failed to write defaults for key85: exit status 127
test    Test    2025-03-16T08:07:50.7713283Z 2025/03/16 08:07:50 Failed to write defaults for key86: exit status 127
test    Test    2025-03-16T08:07:50.7728425Z 2025/03/16 08:07:50 Failed to write defaults for key87: exit status 127
test    Test    2025-03-16T08:07:50.7742966Z 2025/03/16 08:07:50 Failed to write defaults for key88: exit status 127
test    Test    2025-03-16T08:07:50.7758564Z 2025/03/16 08:07:50 Failed to write defaults for key89: exit status 127
test    Test    2025-03-16T08:07:50.7773320Z 2025/03/16 08:07:50 Failed to write defaults for key90: exit status 127
test    Test    2025-03-16T08:07:50.7788752Z 2025/03/16 08:07:50 Failed to write defaults for key91: exit status 127
test    Test    2025-03-16T08:07:50.7804272Z 2025/03/16 08:07:50 Failed to write defaults for key92: exit status 127
test    Test    2025-03-16T08:07:50.7819593Z 2025/03/16 08:07:50 Failed to write defaults for key93: exit status 127
test    Test    2025-03-16T08:07:50.7834750Z 2025/03/16 08:07:50 Failed to write defaults for key94: exit status 127
test    Test    2025-03-16T08:07:50.7849914Z 2025/03/16 08:07:50 Failed to write defaults for key95: exit status 127
test    Test    2025-03-16T08:07:50.7865432Z 2025/03/16 08:07:50 Failed to write defaults for key96: exit status 127
test    Test    2025-03-16T08:07:50.7880135Z 2025/03/16 08:07:50 Failed to write defaults for key97: exit status 127
test    Test    2025-03-16T08:07:50.7895851Z 2025/03/16 08:07:50 Failed to write defaults for key98: exit status 127
test    Test    2025-03-16T08:07:50.7911413Z 2025/03/16 08:07:50 Failed to write defaults for key99: exit status 127
test    Test    2025-03-16T08:07:50.7926691Z 2025/03/16 08:07:50 Failed to write defaults for key100: exit status 127
test    Test    2025-03-16T08:07:50.7941599Z 2025/03/16 08:07:50 Failed to write defaults for key101: exit status 127
test    Test    2025-03-16T08:07:50.7958669Z 2025/03/16 08:07:50 Failed to write defaults for key102: exit status 127
test    Test    2025-03-16T08:07:50.7974038Z 2025/03/16 08:07:50 Failed to write defaults for key103: exit status 127
test    Test    2025-03-16T08:07:50.7989381Z 2025/03/16 08:07:50 Failed to write defaults for key104: exit status 127
test    Test    2025-03-16T08:07:50.8005228Z 2025/03/16 08:07:50 Failed to write defaults for key105: exit status 127
test    Test    2025-03-16T08:07:50.8020440Z 2025/03/16 08:07:50 Failed to write defaults for key106: exit status 127
test    Test    2025-03-16T08:07:50.8035663Z 2025/03/16 08:07:50 Failed to write defaults for key107: exit status 127
test    Test    2025-03-16T08:07:50.8050746Z 2025/03/16 08:07:50 Failed to write defaults for key108: exit status 127
test    Test    2025-03-16T08:07:50.8066389Z 2025/03/16 08:07:50 Failed to write defaults for key109: exit status 127
test    Test    2025-03-16T08:07:50.8081442Z 2025/03/16 08:07:50 Failed to write defaults for key110: exit status 127
test    Test    2025-03-16T08:07:50.8096900Z 2025/03/16 08:07:50 Failed to write defaults for key111: exit status 127
test    Test    2025-03-16T08:07:50.8111847Z 2025/03/16 08:07:50 Failed to write defaults for key112: exit status 127
test    Test    2025-03-16T08:07:50.8127667Z 2025/03/16 08:07:50 Failed to write defaults for key113: exit status 127
test    Test    2025-03-16T08:07:50.8143039Z 2025/03/16 08:07:50 Failed to write defaults for key114: exit status 127
test    Test    2025-03-16T08:07:50.8158903Z 2025/03/16 08:07:50 Failed to write defaults for key115: exit status 127
test    Test    2025-03-16T08:07:50.8174399Z 2025/03/16 08:07:50 Failed to write defaults for key116: exit status 127
test    Test    2025-03-16T08:07:50.8189807Z 2025/03/16 08:07:50 Failed to write defaults for key117: exit status 127
test    Test    2025-03-16T08:07:50.8205083Z 2025/03/16 08:07:50 Failed to write defaults for key118: exit status 127
test    Test    2025-03-16T08:07:50.8220088Z 2025/03/16 08:07:50 Failed to write defaults for key119: exit status 127
test    Test    2025-03-16T08:07:50.8236065Z 2025/03/16 08:07:50 Failed to write defaults for key120: exit status 127
test    Test    2025-03-16T08:07:50.8250807Z 2025/03/16 08:07:50 Failed to write defaults for key121: exit status 127
test    Test    2025-03-16T08:07:50.8266326Z 2025/03/16 08:07:50 Failed to write defaults for key122: exit status 127
test    Test    2025-03-16T08:07:50.8281194Z 2025/03/16 08:07:50 Failed to write defaults for key123: exit status 127
test    Test    2025-03-16T08:07:50.8296897Z 2025/03/16 08:07:50 Failed to write defaults for key124: exit status 127
test    Test    2025-03-16T08:07:50.8311429Z 2025/03/16 08:07:50 Failed to write defaults for key125: exit status 127
test    Test    2025-03-16T08:07:50.8328122Z 2025/03/16 08:07:50 Failed to write defaults for key126: exit status 127
test    Test    2025-03-16T08:07:50.8343290Z 2025/03/16 08:07:50 Failed to write defaults for key127: exit status 127
test    Test    2025-03-16T08:07:50.8358387Z 2025/03/16 08:07:50 Failed to write defaults for key128: exit status 127
test    Test    2025-03-16T08:07:50.8373366Z 2025/03/16 08:07:50 Failed to write defaults for key129: exit status 127
test    Test    2025-03-16T08:07:50.8388473Z 2025/03/16 08:07:50 Failed to write defaults for key130: exit status 127
test    Test    2025-03-16T08:07:50.8404599Z 2025/03/16 08:07:50 Failed to write defaults for key131: exit status 127
test    Test    2025-03-16T08:07:50.8419136Z 2025/03/16 08:07:50 Failed to write defaults for key132: exit status 127
test    Test    2025-03-16T08:07:50.8435022Z 2025/03/16 08:07:50 Failed to write defaults for key133: exit status 127
test    Test    2025-03-16T08:07:50.8450118Z 2025/03/16 08:07:50 Failed to write defaults for key134: exit status 127
test    Test    2025-03-16T08:07:50.8466287Z 2025/03/16 08:07:50 Failed to write defaults for key135: exit status 127
test    Test    2025-03-16T08:07:50.8482035Z 2025/03/16 08:07:50 Failed to write defaults for key136: exit status 127
test    Test    2025-03-16T08:07:50.8497635Z 2025/03/16 08:07:50 Failed to write defaults for key137: exit status 127
test    Test    2025-03-16T08:07:50.8514163Z 2025/03/16 08:07:50 Failed to write defaults for key138: exit status 127
test    Test    2025-03-16T08:07:50.8529310Z 2025/03/16 08:07:50 Failed to write defaults for key139: exit status 127
test    Test    2025-03-16T08:07:50.8544573Z 2025/03/16 08:07:50 Failed to write defaults for key140: exit status 127
test    Test    2025-03-16T08:07:50.8559262Z 2025/03/16 08:07:50 Failed to write defaults for key141: exit status 127
test    Test    2025-03-16T08:07:50.8575485Z 2025/03/16 08:07:50 Failed to write defaults for key142: exit status 127
test    Test    2025-03-16T08:07:50.8590198Z 2025/03/16 08:07:50 Failed to write defaults for key143: exit status 127
test    Test    2025-03-16T08:07:50.8605574Z 2025/03/16 08:07:50 Failed to write defaults for key144: exit status 127
test    Test    2025-03-16T08:07:50.8620366Z 2025/03/16 08:07:50 Failed to write defaults for key145: exit status 127
test    Test    2025-03-16T08:07:50.8635806Z 2025/03/16 08:07:50 Failed to write defaults for key146: exit status 127
test    Test    2025-03-16T08:07:50.8650456Z 2025/03/16 08:07:50 Failed to write defaults for key147: exit status 127
test    Test    2025-03-16T08:07:50.8666031Z 2025/03/16 08:07:50 Failed to write defaults for key148: exit status 127
test    Test    2025-03-16T08:07:50.8680647Z 2025/03/16 08:07:50 Failed to write defaults for key149: exit status 127
test    Test    2025-03-16T08:07:50.8696151Z 2025/03/16 08:07:50 Failed to write defaults for key150: exit status 127
test    Test    2025-03-16T08:07:50.8711116Z 2025/03/16 08:07:50 Failed to write defaults for key151: exit status 127
test    Test    2025-03-16T08:07:50.8726522Z 2025/03/16 08:07:50 Failed to write defaults for key152: exit status 127
test    Test    2025-03-16T08:07:50.8741574Z 2025/03/16 08:07:50 Failed to write defaults for key153: exit status 127
test    Test    2025-03-16T08:07:50.8757624Z 2025/03/16 08:07:50 Failed to write defaults for key154: exit status 127
test    Test    2025-03-16T08:07:50.8772631Z 2025/03/16 08:07:50 Failed to write defaults for key155: exit status 127
test    Test    2025-03-16T08:07:50.8789018Z 2025/03/16 08:07:50 Failed to write defaults for key156: exit status 127
test    Test    2025-03-16T08:07:50.8804276Z 2025/03/16 08:07:50 Failed to write defaults for key157: exit status 127
test    Test    2025-03-16T08:07:50.8820557Z 2025/03/16 08:07:50 Failed to write defaults for key158: exit status 127
test    Test    2025-03-16T08:07:50.8836217Z 2025/03/16 08:07:50 Failed to write defaults for key159: exit status 127
test    Test    2025-03-16T08:07:50.8851264Z 2025/03/16 08:07:50 Failed to write defaults for key160: exit status 127
test    Test    2025-03-16T08:07:50.8866523Z 2025/03/16 08:07:50 Failed to write defaults for key161: exit status 127
test    Test    2025-03-16T08:07:50.8881419Z 2025/03/16 08:07:50 Failed to write defaults for key162: exit status 127
test    Test    2025-03-16T08:07:50.8898705Z 2025/03/16 08:07:50 Failed to write defaults for key163: exit status 127
test    Test    2025-03-16T08:07:50.8915372Z 2025/03/16 08:07:50 Failed to write defaults for key164: exit status 127
test    Test    2025-03-16T08:07:50.8930696Z 2025/03/16 08:07:50 Failed to write defaults for key165: exit status 127
test    Test    2025-03-16T08:07:50.8945946Z 2025/03/16 08:07:50 Failed to write defaults for key166: exit status 127
test    Test    2025-03-16T08:07:50.8961618Z 2025/03/16 08:07:50 Failed to write defaults for key167: exit status 127
test    Test    2025-03-16T08:07:50.8977237Z 2025/03/16 08:07:50 Failed to write defaults for key168: exit status 127
test    Test    2025-03-16T08:07:50.8992817Z 2025/03/16 08:07:50 Failed to write defaults for key169: exit status 127
test    Test    2025-03-16T08:07:50.9008238Z 2025/03/16 08:07:50 Failed to write defaults for key170: exit status 127
test    Test    2025-03-16T08:07:50.9023230Z 2025/03/16 08:07:50 Failed to write defaults for key171: exit status 127
test    Test    2025-03-16T08:07:50.9038928Z 2025/03/16 08:07:50 Failed to write defaults for key172: exit status 127
test    Test    2025-03-16T08:07:50.9054813Z 2025/03/16 08:07:50 Failed to write defaults for key173: exit status 127
test    Test    2025-03-16T08:07:50.9070785Z 2025/03/16 08:07:50 Failed to write defaults for key174: exit status 127
test    Test    2025-03-16T08:07:50.9086655Z 2025/03/16 08:07:50 Failed to write defaults for key175: exit status 127
test    Test    2025-03-16T08:07:50.9102137Z 2025/03/16 08:07:50 Failed to write defaults for key176: exit status 127
test    Test    2025-03-16T08:07:50.9117618Z 2025/03/16 08:07:50 Failed to write defaults for key177: exit status 127
test    Test    2025-03-16T08:07:50.9132648Z 2025/03/16 08:07:50 Failed to write defaults for key178: exit status 127
test    Test    2025-03-16T08:07:50.9148126Z 2025/03/16 08:07:50 Failed to write defaults for key179: exit status 127
test    Test    2025-03-16T08:07:50.9163467Z 2025/03/16 08:07:50 Failed to write defaults for key180: exit status 127
test    Test    2025-03-16T08:07:50.9178826Z 2025/03/16 08:07:50 Failed to write defaults for key181: exit status 127
test    Test    2025-03-16T08:07:50.9194188Z 2025/03/16 08:07:50 Failed to write defaults for key182: exit status 127
test    Test    2025-03-16T08:07:50.9209223Z 2025/03/16 08:07:50 Failed to write defaults for key183: exit status 127
test    Test    2025-03-16T08:07:50.9224591Z 2025/03/16 08:07:50 Failed to write defaults for key184: exit status 127
test    Test    2025-03-16T08:07:50.9239943Z 2025/03/16 08:07:50 Failed to write defaults for key185: exit status 127
test    Test    2025-03-16T08:07:50.9256666Z 2025/03/16 08:07:50 Failed to write defaults for key186: exit status 127
test    Test    2025-03-16T08:07:50.9272239Z 2025/03/16 08:07:50 Failed to write defaults for key187: exit status 127
test    Test    2025-03-16T08:07:50.9287236Z 2025/03/16 08:07:50 Failed to write defaults for key188: exit status 127
test    Test    2025-03-16T08:07:50.9302671Z 2025/03/16 08:07:50 Failed to write defaults for key189: exit status 127
test    Test    2025-03-16T08:07:50.9318090Z 2025/03/16 08:07:50 Failed to write defaults for key190: exit status 127
test    Test    2025-03-16T08:07:50.9333140Z 2025/03/16 08:07:50 Failed to write defaults for key191: exit status 127
test    Test    2025-03-16T08:07:50.9348686Z 2025/03/16 08:07:50 Failed to write defaults for key192: exit status 127
test    Test    2025-03-16T08:07:50.9364017Z 2025/03/16 08:07:50 Failed to write defaults for key193: exit status 127
test    Test    2025-03-16T08:07:50.9379020Z 2025/03/16 08:07:50 Failed to write defaults for key194: exit status 127
test    Test    2025-03-16T08:07:50.9394163Z 2025/03/16 08:07:50 Failed to write defaults for key195: exit status 127
test    Test    2025-03-16T08:07:50.9409233Z 2025/03/16 08:07:50 Failed to write defaults for key196: exit status 127
test    Test    2025-03-16T08:07:50.9424469Z 2025/03/16 08:07:50 Failed to write defaults for key197: exit status 127
test    Test    2025-03-16T08:07:50.9439616Z 2025/03/16 08:07:50 Failed to write defaults for key198: exit status 127
test    Test    2025-03-16T08:07:50.9454982Z 2025/03/16 08:07:50 Failed to write defaults for key199: exit status 127
test    Test    2025-03-16T08:07:50.9469567Z 2025/03/16 08:07:50 Failed to write defaults for key200: exit status 127
test    Test    2025-03-16T08:07:50.9485097Z 2025/03/16 08:07:50 Failed to write defaults for key201: exit status 127
test    Test    2025-03-16T08:07:50.9499940Z 2025/03/16 08:07:50 Failed to write defaults for key202: exit status 127
test    Test    2025-03-16T08:07:50.9515444Z 2025/03/16 08:07:50 Failed to write defaults for key203: exit status 127
test    Test    2025-03-16T08:07:50.9530383Z 2025/03/16 08:07:50 Failed to write defaults for key204: exit status 127
test    Test    2025-03-16T08:07:50.9545402Z 2025/03/16 08:07:50 Failed to write defaults for key205: exit status 127
test    Test    2025-03-16T08:07:50.9560596Z 2025/03/16 08:07:50 Failed to write defaults for key206: exit status 127
test    Test    2025-03-16T08:07:50.9575757Z 2025/03/16 08:07:50 Failed to write defaults for key207: exit status 127
test    Test    2025-03-16T08:07:50.9590867Z 2025/03/16 08:07:50 Failed to write defaults for key208: exit status 127
test    Test    2025-03-16T08:07:50.9606258Z 2025/03/16 08:07:50 Failed to write defaults for key209: exit status 127
test    Test    2025-03-16T08:07:50.9621407Z 2025/03/16 08:07:50 Failed to write defaults for key210: exit status 127
test    Test    2025-03-16T08:07:50.9636706Z 2025/03/16 08:07:50 Failed to write defaults for key211: exit status 127
test    Test    2025-03-16T08:07:50.9651803Z 2025/03/16 08:07:50 Failed to write defaults for key212: exit status 127
test    Test    2025-03-16T08:07:50.9666763Z 2025/03/16 08:07:50 Failed to write defaults for key213: exit status 127
test    Test    2025-03-16T08:07:50.9682692Z 2025/03/16 08:07:50 Failed to write defaults for key214: exit status 127
test    Test    2025-03-16T08:07:50.9698017Z 2025/03/16 08:07:50 Failed to write defaults for key215: exit status 127
test    Test    2025-03-16T08:07:50.9713321Z 2025/03/16 08:07:50 Failed to write defaults for key216: exit status 127
test    Test    2025-03-16T08:07:50.9728231Z 2025/03/16 08:07:50 Failed to write defaults for key217: exit status 127
test    Test    2025-03-16T08:07:50.9742829Z 2025/03/16 08:07:50 Failed to write defaults for key218: exit status 127
test    Test    2025-03-16T08:07:50.9758642Z 2025/03/16 08:07:50 Failed to write defaults for key219: exit status 127
test    Test    2025-03-16T08:07:50.9773439Z 2025/03/16 08:07:50 Failed to write defaults for key220: exit status 127
test    Test    2025-03-16T08:07:50.9790089Z 2025/03/16 08:07:50 Failed to write defaults for key221: exit status 127
test    Test    2025-03-16T08:07:50.9805795Z 2025/03/16 08:07:50 Failed to write defaults for key222: exit status 127
test    Test    2025-03-16T08:07:50.9820947Z 2025/03/16 08:07:50 Failed to write defaults for key223: exit status 127
test    Test    2025-03-16T08:07:50.9836302Z 2025/03/16 08:07:50 Failed to write defaults for key224: exit status 127
test    Test    2025-03-16T08:07:50.9851666Z 2025/03/16 08:07:50 Failed to write defaults for key225: exit status 127
test    Test    2025-03-16T08:07:50.9866837Z 2025/03/16 08:07:50 Failed to write defaults for key226: exit status 127
test    Test    2025-03-16T08:07:50.9881591Z 2025/03/16 08:07:50 Failed to write defaults for key227: exit status 127
test    Test    2025-03-16T08:07:50.9897042Z 2025/03/16 08:07:50 Failed to write defaults for key228: exit status 127
test    Test    2025-03-16T08:07:50.9911826Z 2025/03/16 08:07:50 Failed to write defaults for key229: exit status 127
test    Test    2025-03-16T08:07:50.9927251Z 2025/03/16 08:07:50 Failed to write defaults for key230: exit status 127
test    Test    2025-03-16T08:07:50.9942558Z 2025/03/16 08:07:50 Failed to write defaults for key231: exit status 127
test    Test    2025-03-16T08:07:50.9958023Z 2025/03/16 08:07:50 Failed to write defaults for key232: exit status 127
test    Test    2025-03-16T08:07:50.9972826Z 2025/03/16 08:07:50 Failed to write defaults for key233: exit status 127
test    Test    2025-03-16T08:07:50.9988532Z 2025/03/16 08:07:50 Failed to write defaults for key234: exit status 127
test    Test    2025-03-16T08:07:51.0003927Z 2025/03/16 08:07:51 Failed to write defaults for key235: exit status 127
test    Test    2025-03-16T08:07:51.0019007Z 2025/03/16 08:07:51 Failed to write defaults for key236: exit status 127
test    Test    2025-03-16T08:07:51.0034399Z 2025/03/16 08:07:51 Failed to write defaults for key237: exit status 127
test    Test    2025-03-16T08:07:51.0049762Z 2025/03/16 08:07:51 Failed to write defaults for key238: exit status 127
test    Test    2025-03-16T08:07:51.0065392Z 2025/03/16 08:07:51 Failed to write defaults for key239: exit status 127
test    Test    2025-03-16T08:07:51.0080779Z 2025/03/16 08:07:51 Failed to write defaults for key240: exit status 127
test    Test    2025-03-16T08:07:51.0096017Z 2025/03/16 08:07:51 Failed to write defaults for key241: exit status 127
test    Test    2025-03-16T08:07:51.0110875Z 2025/03/16 08:07:51 Failed to write defaults for key242: exit status 127
test    Test    2025-03-16T08:07:51.0126928Z 2025/03/16 08:07:51 Failed to write defaults for key243: exit status 127
test    Test    2025-03-16T08:07:51.0143160Z 2025/03/16 08:07:51 Failed to write defaults for key244: exit status 127
test    Test    2025-03-16T08:07:51.0158513Z 2025/03/16 08:07:51 Failed to write defaults for key245: exit status 127
test    Test    2025-03-16T08:07:51.0173728Z 2025/03/16 08:07:51 Failed to write defaults for key246: exit status 127
test    Test    2025-03-16T08:07:51.0189250Z 2025/03/16 08:07:51 Failed to write defaults for key247: exit status 127
test    Test    2025-03-16T08:07:51.0204505Z 2025/03/16 08:07:51 Failed to write defaults for key248: exit status 127
test    Test    2025-03-16T08:07:51.0219268Z 2025/03/16 08:07:51 Failed to write defaults for key249: exit status 127
test    Test    2025-03-16T08:07:51.0234280Z 2025/03/16 08:07:51 Failed to write defaults for key250: exit status 127
test    Test    2025-03-16T08:07:51.0249655Z 2025/03/16 08:07:51 Failed to write defaults for key251: exit status 127
test    Test    2025-03-16T08:07:51.0265112Z 2025/03/16 08:07:51 Failed to write defaults for key252: exit status 127
test    Test    2025-03-16T08:07:51.0280224Z 2025/03/16 08:07:51 Failed to write defaults for key253: exit status 127
test    Test    2025-03-16T08:07:51.0295985Z 2025/03/16 08:07:51 Failed to write defaults for key254: exit status 127
test    Test    2025-03-16T08:07:51.0311062Z 2025/03/16 08:07:51 Failed to write defaults for key255: exit status 127
test    Test    2025-03-16T08:07:51.0326255Z 2025/03/16 08:07:51 Failed to write defaults for key256: exit status 127
test    Test    2025-03-16T08:07:51.0341511Z 2025/03/16 08:07:51 Failed to write defaults for key257: exit status 127
test    Test    2025-03-16T08:07:51.0356636Z 2025/03/16 08:07:51 Failed to write defaults for key258: exit status 127
test    Test    2025-03-16T08:07:51.0372303Z 2025/03/16 08:07:51 Failed to write defaults for key259: exit status 127
test    Test    2025-03-16T08:07:51.0387278Z 2025/03/16 08:07:51 Failed to write defaults for key260: exit status 127
test    Test    2025-03-16T08:07:51.0402591Z 2025/03/16 08:07:51 Failed to write defaults for key261: exit status 127
test    Test    2025-03-16T08:07:51.0417853Z 2025/03/16 08:07:51 Failed to write defaults for key262: exit status 127
test    Test    2025-03-16T08:07:51.0432857Z 2025/03/16 08:07:51 Failed to write defaults for key263: exit status 127
test    Test    2025-03-16T08:07:51.0447662Z 2025/03/16 08:07:51 Failed to write defaults for key264: exit status 127
test    Test    2025-03-16T08:07:51.0462855Z 2025/03/16 08:07:51 Failed to write defaults for key265: exit status 127
test    Test    2025-03-16T08:07:51.0477849Z 2025/03/16 08:07:51 Failed to write defaults for key266: exit status 127
test    Test    2025-03-16T08:07:51.0493094Z 2025/03/16 08:07:51 Failed to write defaults for key267: exit status 127
test    Test    2025-03-16T08:07:51.0508649Z 2025/03/16 08:07:51 Failed to write defaults for key268: exit status 127
test    Test    2025-03-16T08:07:51.0525640Z 2025/03/16 08:07:51 Failed to write defaults for key269: exit status 127
test    Test    2025-03-16T08:07:51.0542440Z 2025/03/16 08:07:51 Failed to write defaults for key270: exit status 127
test    Test    2025-03-16T08:07:51.0558768Z 2025/03/16 08:07:51 Failed to write defaults for key271: exit status 127
test    Test    2025-03-16T08:07:51.0574568Z 2025/03/16 08:07:51 Failed to write defaults for key272: exit status 127
test    Test    2025-03-16T08:07:51.0589328Z 2025/03/16 08:07:51 Failed to write defaults for key273: exit status 127
test    Test    2025-03-16T08:07:51.0604941Z 2025/03/16 08:07:51 Failed to write defaults for key274: exit status 127
test    Test    2025-03-16T08:07:51.0620031Z 2025/03/16 08:07:51 Failed to write defaults for key275: exit status 127
test    Test    2025-03-16T08:07:51.0635381Z 2025/03/16 08:07:51 Failed to write defaults for key276: exit status 127
test    Test    2025-03-16T08:07:51.0650392Z 2025/03/16 08:07:51 Failed to write defaults for key277: exit status 127
test    Test    2025-03-16T08:07:51.0665788Z 2025/03/16 08:07:51 Failed to write defaults for key278: exit status 127
test    Test    2025-03-16T08:07:51.0680709Z 2025/03/16 08:07:51 Failed to write defaults for key279: exit status 127
test    Test    2025-03-16T08:07:51.0696009Z 2025/03/16 08:07:51 Failed to write defaults for key280: exit status 127
test    Test    2025-03-16T08:07:51.0710962Z 2025/03/16 08:07:51 Failed to write defaults for key281: exit status 127
test    Test    2025-03-16T08:07:51.0727562Z 2025/03/16 08:07:51 Failed to write defaults for key282: exit status 127
test    Test    2025-03-16T08:07:51.0742654Z 2025/03/16 08:07:51 Failed to write defaults for key283: exit status 127
test    Test    2025-03-16T08:07:51.0758820Z 2025/03/16 08:07:51 Failed to write defaults for key284: exit status 127
test    Test    2025-03-16T08:07:51.0774667Z 2025/03/16 08:07:51 Failed to write defaults for key285: exit status 127
test    Test    2025-03-16T08:07:51.0789323Z 2025/03/16 08:07:51 Failed to write defaults for key286: exit status 127
test    Test    2025-03-16T08:07:51.0805268Z 2025/03/16 08:07:51 Failed to write defaults for key287: exit status 127
test    Test    2025-03-16T08:07:51.0820193Z 2025/03/16 08:07:51 Failed to write defaults for key288: exit status 127
test    Test    2025-03-16T08:07:51.0835627Z 2025/03/16 08:07:51 Failed to write defaults for key289: exit status 127
test    Test    2025-03-16T08:07:51.0850408Z 2025/03/16 08:07:51 Failed to write defaults for key290: exit status 127
test    Test    2025-03-16T08:07:51.0866057Z 2025/03/16 08:07:51 Failed to write defaults for key291: exit status 127
test    Test    2025-03-16T08:07:51.0882752Z 2025/03/16 08:07:51 Failed to write defaults for key292: exit status 127
test    Test    2025-03-16T08:07:51.0898570Z 2025/03/16 08:07:51 Failed to write defaults for key293: exit status 127
test    Test    2025-03-16T08:07:51.0913169Z 2025/03/16 08:07:51 Failed to write defaults for key294: exit status 127
test    Test    2025-03-16T08:07:51.0928905Z 2025/03/16 08:07:51 Failed to write defaults for key295: exit status 127
test    Test    2025-03-16T08:07:51.0944070Z 2025/03/16 08:07:51 Failed to write defaults for key296: exit status 127
test    Test    2025-03-16T08:07:51.0959045Z 2025/03/16 08:07:51 Failed to write defaults for key297: exit status 127
test    Test    2025-03-16T08:07:51.0974171Z 2025/03/16 08:07:51 Failed to write defaults for key298: exit status 127
test    Test    2025-03-16T08:07:51.0989364Z 2025/03/16 08:07:51 Failed to write defaults for key299: exit status 127
test    Test    2025-03-16T08:07:51.1004787Z 2025/03/16 08:07:51 Failed to write defaults for key300: exit status 127
test    Test    2025-03-16T08:07:51.1019835Z 2025/03/16 08:07:51 Failed to write defaults for key301: exit status 127
test    Test    2025-03-16T08:07:51.1034926Z 2025/03/16 08:07:51 Failed to write defaults for key302: exit status 127
test    Test    2025-03-16T08:07:51.1049975Z 2025/03/16 08:07:51 Failed to write defaults for key303: exit status 127
test    Test    2025-03-16T08:07:51.1064741Z 2025/03/16 08:07:51 Failed to write defaults for key304: exit status 127
test    Test    2025-03-16T08:07:51.1079803Z 2025/03/16 08:07:51 Failed to write defaults for key305: exit status 127
test    Test    2025-03-16T08:07:51.1095755Z 2025/03/16 08:07:51 Failed to write defaults for key306: exit status 127
test    Test    2025-03-16T08:07:51.1110212Z 2025/03/16 08:07:51 Failed to write defaults for key307: exit status 127
test    Test    2025-03-16T08:07:51.1125931Z 2025/03/16 08:07:51 Failed to write defaults for key308: exit status 127
test    Test    2025-03-16T08:07:51.1142480Z 2025/03/16 08:07:51 Failed to write defaults for key309: exit status 127
test    Test    2025-03-16T08:07:51.1157985Z 2025/03/16 08:07:51 Failed to write defaults for key310: exit status 127
test    Test    2025-03-16T08:07:51.1174980Z 2025/03/16 08:07:51 Failed to write defaults for key311: exit status 127
test    Test    2025-03-16T08:07:51.1191072Z 2025/03/16 08:07:51 Failed to write defaults for key312: exit status 127
test    Test    2025-03-16T08:07:51.1206803Z 2025/03/16 08:07:51 Failed to write defaults for key313: exit status 127
test    Test    2025-03-16T08:07:51.1222268Z 2025/03/16 08:07:51 Failed to write defaults for key314: exit status 127
test    Test    2025-03-16T08:07:51.1237901Z 2025/03/16 08:07:51 Failed to write defaults for key315: exit status 127
test    Test    2025-03-16T08:07:51.1253019Z 2025/03/16 08:07:51 Failed to write defaults for key316: exit status 127
test    Test    2025-03-16T08:07:51.1268640Z 2025/03/16 08:07:51 Failed to write defaults for key317: exit status 127
test    Test    2025-03-16T08:07:51.1284237Z 2025/03/16 08:07:51 Failed to write defaults for key318: exit status 127
test    Test    2025-03-16T08:07:51.1299141Z 2025/03/16 08:07:51 Failed to write defaults for key319: exit status 127
test    Test    2025-03-16T08:07:51.1314445Z 2025/03/16 08:07:51 Failed to write defaults for key320: exit status 127
test    Test    2025-03-16T08:07:51.1329179Z 2025/03/16 08:07:51 Failed to write defaults for key321: exit status 127
test    Test    2025-03-16T08:07:51.1344429Z 2025/03/16 08:07:51 Failed to write defaults for key322: exit status 127
test    Test    2025-03-16T08:07:51.1359171Z 2025/03/16 08:07:51 Failed to write defaults for key323: exit status 127
test    Test    2025-03-16T08:07:51.1374356Z 2025/03/16 08:07:51 Failed to write defaults for key324: exit status 127
test    Test    2025-03-16T08:07:51.1389531Z 2025/03/16 08:07:51 Failed to write defaults for key325: exit status 127
test    Test    2025-03-16T08:07:51.1405264Z 2025/03/16 08:07:51 Failed to write defaults for key326: exit status 127
test    Test    2025-03-16T08:07:51.1420733Z 2025/03/16 08:07:51 Failed to write defaults for key327: exit status 127
test    Test    2025-03-16T08:07:51.1435870Z 2025/03/16 08:07:51 Failed to write defaults for key328: exit status 127
test    Test    2025-03-16T08:07:51.1450836Z 2025/03/16 08:07:51 Failed to write defaults for key329: exit status 127
test    Test    2025-03-16T08:07:51.1465578Z 2025/03/16 08:07:51 Failed to write defaults for key330: exit status 127
test    Test    2025-03-16T08:07:51.1480760Z 2025/03/16 08:07:51 Failed to write defaults for key331: exit status 127
test    Test    2025-03-16T08:07:51.1495517Z 2025/03/16 08:07:51 Failed to write defaults for key332: exit status 127
test    Test    2025-03-16T08:07:51.1510522Z 2025/03/16 08:07:51 Failed to write defaults for key333: exit status 127
test    Test    2025-03-16T08:07:51.1525923Z 2025/03/16 08:07:51 Failed to write defaults for key334: exit status 127
test    Test    2025-03-16T08:07:51.1540931Z 2025/03/16 08:07:51 Failed to write defaults for key335: exit status 127
test    Test    2025-03-16T08:07:51.1556352Z 2025/03/16 08:07:51 Failed to write defaults for key336: exit status 127
test    Test    2025-03-16T08:07:51.1571345Z 2025/03/16 08:07:51 Failed to write defaults for key337: exit status 127
test    Test    2025-03-16T08:07:51.1586819Z 2025/03/16 08:07:51 Failed to write defaults for key338: exit status 127
test    Test    2025-03-16T08:07:51.1601643Z 2025/03/16 08:07:51 Failed to write defaults for key339: exit status 127
test    Test    2025-03-16T08:07:51.1618868Z 2025/03/16 08:07:51 Failed to write defaults for key340: exit status 127
test    Test    2025-03-16T08:07:51.1634560Z 2025/03/16 08:07:51 Failed to write defaults for key341: exit status 127
test    Test    2025-03-16T08:07:51.1649431Z 2025/03/16 08:07:51 Failed to write defaults for key342: exit status 127
test    Test    2025-03-16T08:07:51.1664754Z 2025/03/16 08:07:51 Failed to write defaults for key343: exit status 127
test    Test    2025-03-16T08:07:51.1679762Z 2025/03/16 08:07:51 Failed to write defaults for key344: exit status 127
test    Test    2025-03-16T08:07:51.1695035Z 2025/03/16 08:07:51 Failed to write defaults for key345: exit status 127
test    Test    2025-03-16T08:07:51.1710296Z 2025/03/16 08:07:51 Failed to write defaults for key346: exit status 127
test    Test    2025-03-16T08:07:51.1725364Z 2025/03/16 08:07:51 Failed to write defaults for key347: exit status 127
test    Test    2025-03-16T08:07:51.1740775Z 2025/03/16 08:07:51 Failed to write defaults for key348: exit status 127
test    Test    2025-03-16T08:07:51.1756291Z 2025/03/16 08:07:51 Failed to write defaults for key349: exit status 127
test    Test    2025-03-16T08:07:51.1771419Z 2025/03/16 08:07:51 Failed to write defaults for key350: exit status 127
test    Test    2025-03-16T08:07:51.1786989Z 2025/03/16 08:07:51 Failed to write defaults for key351: exit status 127
test    Test    2025-03-16T08:07:51.1802642Z 2025/03/16 08:07:51 Failed to write defaults for key352: exit status 127
test    Test    2025-03-16T08:07:51.1817948Z 2025/03/16 08:07:51 Failed to write defaults for key353: exit status 127
test    Test    2025-03-16T08:07:51.1834088Z 2025/03/16 08:07:51 Failed to write defaults for key354: exit status 127
test    Test    2025-03-16T08:07:51.1849905Z 2025/03/16 08:07:51 Failed to write defaults for key355: exit status 127
test    Test    2025-03-16T08:07:51.1865369Z 2025/03/16 08:07:51 Failed to write defaults for key356: exit status 127
test    Test    2025-03-16T08:07:51.1881897Z 2025/03/16 08:07:51 Failed to write defaults for key357: exit status 127
test    Test    2025-03-16T08:07:51.1897276Z 2025/03/16 08:07:51 Failed to write defaults for key358: exit status 127
test    Test    2025-03-16T08:07:51.1912405Z 2025/03/16 08:07:51 Failed to write defaults for key359: exit status 127
test    Test    2025-03-16T08:07:51.1927461Z 2025/03/16 08:07:51 Failed to write defaults for key360: exit status 127
test    Test    2025-03-16T08:07:51.1943000Z 2025/03/16 08:07:51 Failed to write defaults for key361: exit status 127
test    Test    2025-03-16T08:07:51.1959651Z 2025/03/16 08:07:51 Failed to write defaults for key362: exit status 127
test    Test    2025-03-16T08:07:51.1975776Z 2025/03/16 08:07:51 Failed to write defaults for key363: exit status 127
test    Test    2025-03-16T08:07:51.1991103Z 2025/03/16 08:07:51 Failed to write defaults for key364: exit status 127
test    Test    2025-03-16T08:07:51.2006618Z 2025/03/16 08:07:51 Failed to write defaults for key365: exit status 127
test    Test    2025-03-16T08:07:51.2021524Z 2025/03/16 08:07:51 Failed to write defaults for key366: exit status 127
test    Test    2025-03-16T08:07:51.2036900Z 2025/03/16 08:07:51 Failed to write defaults for key367: exit status 127
test    Test    2025-03-16T08:07:51.2052092Z 2025/03/16 08:07:51 Failed to write defaults for key368: exit status 127
test    Test    2025-03-16T08:07:51.2067326Z 2025/03/16 08:07:51 Failed to write defaults for key369: exit status 127
test    Test    2025-03-16T08:07:51.2082720Z 2025/03/16 08:07:51 Failed to write defaults for key370: exit status 127
test    Test    2025-03-16T08:07:51.2097770Z 2025/03/16 08:07:51 Failed to write defaults for key371: exit status 127
test    Test    2025-03-16T08:07:51.2113493Z 2025/03/16 08:07:51 Failed to write defaults for key372: exit status 127
test    Test    2025-03-16T08:07:51.2128499Z 2025/03/16 08:07:51 Failed to write defaults for key373: exit status 127
test    Test    2025-03-16T08:07:51.2143877Z 2025/03/16 08:07:51 Failed to write defaults for key374: exit status 127
test    Test    2025-03-16T08:07:51.2158755Z 2025/03/16 08:07:51 Failed to write defaults for key375: exit status 127
test    Test    2025-03-16T08:07:51.2173772Z 2025/03/16 08:07:51 Failed to write defaults for key376: exit status 127
test    Test    2025-03-16T08:07:51.2189048Z 2025/03/16 08:07:51 Failed to write defaults for key377: exit status 127
test    Test    2025-03-16T08:07:51.2204517Z 2025/03/16 08:07:51 Failed to write defaults for key378: exit status 127
test    Test    2025-03-16T08:07:51.2219476Z 2025/03/16 08:07:51 Failed to write defaults for key379: exit status 127
test    Test    2025-03-16T08:07:51.2234909Z 2025/03/16 08:07:51 Failed to write defaults for key380: exit status 127
test    Test    2025-03-16T08:07:51.2250123Z 2025/03/16 08:07:51 Failed to write defaults for key381: exit status 127
test    Test    2025-03-16T08:07:51.2265357Z 2025/03/16 08:07:51 Failed to write defaults for key382: exit status 127
test    Test    2025-03-16T08:07:51.2280267Z 2025/03/16 08:07:51 Failed to write defaults for key383: exit status 127
test    Test    2025-03-16T08:07:51.2295609Z 2025/03/16 08:07:51 Failed to write defaults for key384: exit status 127
test    Test    2025-03-16T08:07:51.2310402Z 2025/03/16 08:07:51 Failed to write defaults for key385: exit status 127
test    Test    2025-03-16T08:07:51.2326026Z 2025/03/16 08:07:51 Failed to write defaults for key386: exit status 127
test    Test    2025-03-16T08:07:51.2340837Z 2025/03/16 08:07:51 Failed to write defaults for key387: exit status 127
test    Test    2025-03-16T08:07:51.2356545Z 2025/03/16 08:07:51 Failed to write defaults for key388: exit status 127
test    Test    2025-03-16T08:07:51.2371410Z 2025/03/16 08:07:51 Failed to write defaults for key389: exit status 127
test    Test    2025-03-16T08:07:51.2386566Z 2025/03/16 08:07:51 Failed to write defaults for key390: exit status 127
test    Test    2025-03-16T08:07:51.2401523Z 2025/03/16 08:07:51 Failed to write defaults for key391: exit status 127
test    Test    2025-03-16T08:07:51.2416865Z 2025/03/16 08:07:51 Failed to write defaults for key392: exit status 127
test    Test    2025-03-16T08:07:51.2431625Z 2025/03/16 08:07:51 Failed to write defaults for key393: exit status 127
test    Test    2025-03-16T08:07:51.2447091Z 2025/03/16 08:07:51 Failed to write defaults for key394: exit status 127
test    Test    2025-03-16T08:07:51.2461856Z 2025/03/16 08:07:51 Failed to write defaults for key395: exit status 127
test    Test    2025-03-16T08:07:51.2477455Z 2025/03/16 08:07:51 Failed to write defaults for key396: exit status 127
test    Test    2025-03-16T08:07:51.2492656Z 2025/03/16 08:07:51 Failed to write defaults for key397: exit status 127
test    Test    2025-03-16T08:07:51.2507996Z 2025/03/16 08:07:51 Failed to write defaults for key398: exit status 127
test    Test    2025-03-16T08:07:51.2527057Z 2025/03/16 08:07:51 Failed to write defaults for key399: exit status 127
test    Test    2025-03-16T08:07:51.2542018Z 2025/03/16 08:07:51 Failed to write defaults for key400: exit status 127
test    Test    2025-03-16T08:07:51.2557090Z 2025/03/16 08:07:51 Failed to write defaults for key401: exit status 127
test    Test    2025-03-16T08:07:51.2571846Z 2025/03/16 08:07:51 Failed to write defaults for key402: exit status 127
test    Test    2025-03-16T08:07:51.2586590Z 2025/03/16 08:07:51 Failed to write defaults for key403: exit status 127
test    Test    2025-03-16T08:07:51.2601723Z 2025/03/16 08:07:51 Failed to write defaults for key404: exit status 127
test    Test    2025-03-16T08:07:51.2616670Z 2025/03/16 08:07:51 Failed to write defaults for key405: exit status 127
test    Test    2025-03-16T08:07:51.2631417Z 2025/03/16 08:07:51 Failed to write defaults for key406: exit status 127
test    Test    2025-03-16T08:07:51.2646932Z 2025/03/16 08:07:51 Failed to write defaults for key407: exit status 127
test    Test    2025-03-16T08:07:51.2661525Z 2025/03/16 08:07:51 Failed to write defaults for key408: exit status 127
test    Test    2025-03-16T08:07:51.2676849Z 2025/03/16 08:07:51 Failed to write defaults for key409: exit status 127
test    Test    2025-03-16T08:07:51.2691738Z 2025/03/16 08:07:51 Failed to write defaults for key410: exit status 127
test    Test    2025-03-16T08:07:51.2706637Z 2025/03/16 08:07:51 Failed to write defaults for key411: exit status 127
test    Test    2025-03-16T08:07:51.2721867Z 2025/03/16 08:07:51 Failed to write defaults for key412: exit status 127
test    Test    2025-03-16T08:07:51.2736767Z 2025/03/16 08:07:51 Failed to write defaults for key413: exit status 127
test    Test    2025-03-16T08:07:51.2751875Z 2025/03/16 08:07:51 Failed to write defaults for key414: exit status 127
test    Test    2025-03-16T08:07:51.2766963Z 2025/03/16 08:07:51 Failed to write defaults for key415: exit status 127
test    Test    2025-03-16T08:07:51.2781902Z 2025/03/16 08:07:51 Failed to write defaults for key416: exit status 127
test    Test    2025-03-16T08:07:51.2796895Z 2025/03/16 08:07:51 Failed to write defaults for key417: exit status 127
test    Test    2025-03-16T08:07:51.2811658Z 2025/03/16 08:07:51 Failed to write defaults for key418: exit status 127
test    Test    2025-03-16T08:07:51.2826618Z 2025/03/16 08:07:51 Failed to write defaults for key419: exit status 127
test    Test    2025-03-16T08:07:51.2841497Z 2025/03/16 08:07:51 Failed to write defaults for key420: exit status 127
test    Test    2025-03-16T08:07:51.2857355Z 2025/03/16 08:07:51 Failed to write defaults for key421: exit status 127
test    Test    2025-03-16T08:07:51.2872288Z 2025/03/16 08:07:51 Failed to write defaults for key422: exit status 127
test    Test    2025-03-16T08:07:51.2887614Z 2025/03/16 08:07:51 Failed to write defaults for key423: exit status 127
test    Test    2025-03-16T08:07:51.2903059Z 2025/03/16 08:07:51 Failed to write defaults for key424: exit status 127
test    Test    2025-03-16T08:07:51.2918477Z 2025/03/16 08:07:51 Failed to write defaults for key425: exit status 127
test    Test    2025-03-16T08:07:51.2933948Z 2025/03/16 08:07:51 Failed to write defaults for key426: exit status 127
test    Test    2025-03-16T08:07:51.2948846Z 2025/03/16 08:07:51 Failed to write defaults for key427: exit status 127
test    Test    2025-03-16T08:07:51.2963975Z 2025/03/16 08:07:51 Failed to write defaults for key428: exit status 127
test    Test    2025-03-16T08:07:51.2978908Z 2025/03/16 08:07:51 Failed to write defaults for key429: exit status 127
test    Test    2025-03-16T08:07:51.2994201Z 2025/03/16 08:07:51 Failed to write defaults for key430: exit status 127
test    Test    2025-03-16T08:07:51.3009400Z 2025/03/16 08:07:51 Failed to write defaults for key431: exit status 127
test    Test    2025-03-16T08:07:51.3024384Z 2025/03/16 08:07:51 Failed to write defaults for key432: exit status 127
test    Test    2025-03-16T08:07:51.3039387Z 2025/03/16 08:07:51 Failed to write defaults for key433: exit status 127
test    Test    2025-03-16T08:07:51.3054573Z 2025/03/16 08:07:51 Failed to write defaults for key434: exit status 127
test    Test    2025-03-16T08:07:51.3070009Z 2025/03/16 08:07:51 Failed to write defaults for key435: exit status 127
test    Test    2025-03-16T08:07:51.3085186Z 2025/03/16 08:07:51 Failed to write defaults for key436: exit status 127
test    Test    2025-03-16T08:07:51.3100637Z 2025/03/16 08:07:51 Failed to write defaults for key437: exit status 127
test    Test    2025-03-16T08:07:51.3115745Z 2025/03/16 08:07:51 Failed to write defaults for key438: exit status 127
test    Test    2025-03-16T08:07:51.3131003Z 2025/03/16 08:07:51 Failed to write defaults for key439: exit status 127
test    Test    2025-03-16T08:07:51.3146478Z 2025/03/16 08:07:51 Failed to write defaults for key440: exit status 127
test    Test    2025-03-16T08:07:51.3161652Z 2025/03/16 08:07:51 Failed to write defaults for key441: exit status 127
test    Test    2025-03-16T08:07:51.3177023Z 2025/03/16 08:07:51 Failed to write defaults for key442: exit status 127
test    Test    2025-03-16T08:07:51.3191998Z 2025/03/16 08:07:51 Failed to write defaults for key443: exit status 127
test    Test    2025-03-16T08:07:51.3206830Z 2025/03/16 08:07:51 Failed to write defaults for key444: exit status 127
test    Test    2025-03-16T08:07:51.3222190Z 2025/03/16 08:07:51 Failed to write defaults for key445: exit status 127
test    Test    2025-03-16T08:07:51.3237396Z 2025/03/16 08:07:51 Failed to write defaults for key446: exit status 127
test    Test    2025-03-16T08:07:51.3253062Z 2025/03/16 08:07:51 Failed to write defaults for key447: exit status 127
test    Test    2025-03-16T08:07:51.3268236Z 2025/03/16 08:07:51 Failed to write defaults for key448: exit status 127
test    Test    2025-03-16T08:07:51.3282876Z 2025/03/16 08:07:51 Failed to write defaults for key449: exit status 127
test    Test    2025-03-16T08:07:51.3298284Z 2025/03/16 08:07:51 Failed to write defaults for key450: exit status 127
test    Test    2025-03-16T08:07:51.3313112Z 2025/03/16 08:07:51 Failed to write defaults for key451: exit status 127
test    Test    2025-03-16T08:07:51.3327805Z 2025/03/16 08:07:51 Failed to write defaults for key452: exit status 127
test    Test    2025-03-16T08:07:51.3342970Z 2025/03/16 08:07:51 Failed to write defaults for key453: exit status 127
test    Test    2025-03-16T08:07:51.3358004Z 2025/03/16 08:07:51 Failed to write defaults for key454: exit status 127
test    Test    2025-03-16T08:07:51.3372737Z 2025/03/16 08:07:51 Failed to write defaults for key455: exit status 127
test    Test    2025-03-16T08:07:51.3387517Z 2025/03/16 08:07:51 Failed to write defaults for key456: exit status 127
test    Test    2025-03-16T08:07:51.3403866Z 2025/03/16 08:07:51 Failed to write defaults for key457: exit status 127
test    Test    2025-03-16T08:07:51.3421174Z 2025/03/16 08:07:51 Failed to write defaults for key458: exit status 127
test    Test    2025-03-16T08:07:51.3436970Z 2025/03/16 08:07:51 Failed to write defaults for key459: exit status 127
test    Test    2025-03-16T08:07:51.3453399Z 2025/03/16 08:07:51 Failed to write defaults for key460: exit status 127
test    Test    2025-03-16T08:07:51.3469429Z 2025/03/16 08:07:51 Failed to write defaults for key461: exit status 127
test    Test    2025-03-16T08:07:51.3485117Z 2025/03/16 08:07:51 Failed to write defaults for key462: exit status 127
test    Test    2025-03-16T08:07:51.3500767Z 2025/03/16 08:07:51 Failed to write defaults for key463: exit status 127
test    Test    2025-03-16T08:07:51.3516889Z 2025/03/16 08:07:51 Failed to write defaults for key464: exit status 127
test    Test    2025-03-16T08:07:51.3532422Z 2025/03/16 08:07:51 Failed to write defaults for key465: exit status 127
test    Test    2025-03-16T08:07:51.3548155Z 2025/03/16 08:07:51 Failed to write defaults for key466: exit status 127
test    Test    2025-03-16T08:07:51.3563167Z 2025/03/16 08:07:51 Failed to write defaults for key467: exit status 127
test    Test    2025-03-16T08:07:51.3578439Z 2025/03/16 08:07:51 Failed to write defaults for key468: exit status 127
test    Test    2025-03-16T08:07:51.3593710Z 2025/03/16 08:07:51 Failed to write defaults for key469: exit status 127
test    Test    2025-03-16T08:07:51.3608783Z 2025/03/16 08:07:51 Failed to write defaults for key470: exit status 127
test    Test    2025-03-16T08:07:51.3623487Z 2025/03/16 08:07:51 Failed to write defaults for key471: exit status 127
test    Test    2025-03-16T08:07:51.3638685Z 2025/03/16 08:07:51 Failed to write defaults for key472: exit status 127
test    Test    2025-03-16T08:07:51.3653943Z 2025/03/16 08:07:51 Failed to write defaults for key473: exit status 127
test    Test    2025-03-16T08:07:51.3668693Z 2025/03/16 08:07:51 Failed to write defaults for key474: exit status 127
test    Test    2025-03-16T08:07:51.3684415Z 2025/03/16 08:07:51 Failed to write defaults for key475: exit status 127
test    Test    2025-03-16T08:07:51.3699799Z 2025/03/16 08:07:51 Failed to write defaults for key476: exit status 127
test    Test    2025-03-16T08:07:51.3715149Z 2025/03/16 08:07:51 Failed to write defaults for key477: exit status 127
test    Test    2025-03-16T08:07:51.3729997Z 2025/03/16 08:07:51 Failed to write defaults for key478: exit status 127
test    Test    2025-03-16T08:07:51.3745780Z 2025/03/16 08:07:51 Failed to write defaults for key479: exit status 127
test    Test    2025-03-16T08:07:51.3760597Z 2025/03/16 08:07:51 Failed to write defaults for key480: exit status 127
test    Test    2025-03-16T08:07:51.3775486Z 2025/03/16 08:07:51 Failed to write defaults for key481: exit status 127
test    Test    2025-03-16T08:07:51.3790724Z 2025/03/16 08:07:51 Failed to write defaults for key482: exit status 127
test    Test    2025-03-16T08:07:51.3805555Z 2025/03/16 08:07:51 Failed to write defaults for key483: exit status 127
test    Test    2025-03-16T08:07:51.3820214Z 2025/03/16 08:07:51 Failed to write defaults for key484: exit status 127
test    Test    2025-03-16T08:07:51.3836633Z 2025/03/16 08:07:51 Failed to write defaults for key485: exit status 127
test    Test    2025-03-16T08:07:51.3852117Z 2025/03/16 08:07:51 Failed to write defaults for key486: exit status 127
test    Test    2025-03-16T08:07:51.3867320Z 2025/03/16 08:07:51 Failed to write defaults for key487: exit status 127
test    Test    2025-03-16T08:07:51.3882574Z 2025/03/16 08:07:51 Failed to write defaults for key488: exit status 127
test    Test    2025-03-16T08:07:51.3897920Z 2025/03/16 08:07:51 Failed to write defaults for key489: exit status 127
test    Test    2025-03-16T08:07:51.3912792Z 2025/03/16 08:07:51 Failed to write defaults for key490: exit status 127
test    Test    2025-03-16T08:07:51.3927926Z 2025/03/16 08:07:51 Failed to write defaults for key491: exit status 127
test    Test    2025-03-16T08:07:51.3943743Z 2025/03/16 08:07:51 Failed to write defaults for key492: exit status 127
test    Test    2025-03-16T08:07:51.3960293Z 2025/03/16 08:07:51 Failed to write defaults for key493: exit status 127
test    Test    2025-03-16T08:07:51.3975923Z 2025/03/16 08:07:51 Failed to write defaults for key494: exit status 127
test    Test    2025-03-16T08:07:51.3991612Z 2025/03/16 08:07:51 Failed to write defaults for key495: exit status 127
test    Test    2025-03-16T08:07:51.4007057Z 2025/03/16 08:07:51 Failed to write defaults for key496: exit status 127
test    Test    2025-03-16T08:07:51.4022336Z 2025/03/16 08:07:51 Failed to write defaults for key497: exit status 127
test    Test    2025-03-16T08:07:51.4037291Z 2025/03/16 08:07:51 Failed to write defaults for key498: exit status 127
test    Test    2025-03-16T08:07:51.4052436Z 2025/03/16 08:07:51 Failed to write defaults for key499: exit status 127
test    Test    2025-03-16T08:07:51.4067263Z 2025/03/16 08:07:51 Failed to write defaults for key500: exit status 127
test    Test    2025-03-16T08:07:51.4082307Z 2025/03/16 08:07:51 Failed to write defaults for key501: exit status 127
test    Test    2025-03-16T08:07:51.4097502Z 2025/03/16 08:07:51 Failed to write defaults for key502: exit status 127
test    Test    2025-03-16T08:07:51.4112611Z 2025/03/16 08:07:51 Failed to write defaults for key503: exit status 127
test    Test    2025-03-16T08:07:51.4127636Z 2025/03/16 08:07:51 Failed to write defaults for key504: exit status 127
test    Test    2025-03-16T08:07:51.4142630Z 2025/03/16 08:07:51 Failed to write defaults for key505: exit status 127
test    Test    2025-03-16T08:07:51.4157800Z 2025/03/16 08:07:51 Failed to write defaults for key506: exit status 127
test    Test    2025-03-16T08:07:51.4172781Z 2025/03/16 08:07:51 Failed to write defaults for key507: exit status 127
test    Test    2025-03-16T08:07:51.4187930Z 2025/03/16 08:07:51 Failed to write defaults for key508: exit status 127
test    Test    2025-03-16T08:07:51.4202943Z 2025/03/16 08:07:51 Failed to write defaults for key509: exit status 127
test    Test    2025-03-16T08:07:51.4218566Z 2025/03/16 08:07:51 Failed to write defaults for key510: exit status 127
test    Test    2025-03-16T08:07:51.4235221Z 2025/03/16 08:07:51 Failed to write defaults for key511: exit status 127
test    Test    2025-03-16T08:07:51.4251327Z 2025/03/16 08:07:51 Failed to write defaults for key512: exit status 127
test    Test    2025-03-16T08:07:51.4266629Z 2025/03/16 08:07:51 Failed to write defaults for key513: exit status 127
test    Test    2025-03-16T08:07:51.4281709Z 2025/03/16 08:07:51 Failed to write defaults for key514: exit status 127
test    Test    2025-03-16T08:07:51.4297055Z 2025/03/16 08:07:51 Failed to write defaults for key515: exit status 127
test    Test    2025-03-16T08:07:51.4311799Z 2025/03/16 08:07:51 Failed to write defaults for key516: exit status 127
test    Test    2025-03-16T08:07:51.4327054Z 2025/03/16 08:07:51 Failed to write defaults for key517: exit status 127
test    Test    2025-03-16T08:07:51.4343225Z 2025/03/16 08:07:51 Failed to write defaults for key518: exit status 127
test    Test    2025-03-16T08:07:51.4358729Z 2025/03/16 08:07:51 Failed to write defaults for key519: exit status 127
test    Test    2025-03-16T08:07:51.4373780Z 2025/03/16 08:07:51 Failed to write defaults for key520: exit status 127
test    Test    2025-03-16T08:07:51.4389459Z 2025/03/16 08:07:51 Failed to write defaults for key521: exit status 127
test    Test    2025-03-16T08:07:51.4404488Z 2025/03/16 08:07:51 Failed to write defaults for key522: exit status 127
test    Test    2025-03-16T08:07:51.4419438Z 2025/03/16 08:07:51 Failed to write defaults for key523: exit status 127
test    Test    2025-03-16T08:07:51.4434676Z 2025/03/16 08:07:51 Failed to write defaults for key524: exit status 127
test    Test    2025-03-16T08:07:51.4449454Z 2025/03/16 08:07:51 Failed to write defaults for key525: exit status 127
test    Test    2025-03-16T08:07:51.4465431Z 2025/03/16 08:07:51 Failed to write defaults for key526: exit status 127
test    Test    2025-03-16T08:07:51.4480622Z 2025/03/16 08:07:51 Failed to write defaults for key527: exit status 127
test    Test    2025-03-16T08:07:51.4495588Z 2025/03/16 08:07:51 Failed to write defaults for key528: exit status 127
test    Test    2025-03-16T08:07:51.4510525Z 2025/03/16 08:07:51 Failed to write defaults for key529: exit status 127
test    Test    2025-03-16T08:07:51.4525177Z 2025/03/16 08:07:51 Failed to write defaults for key530: exit status 127
test    Test    2025-03-16T08:07:51.4540687Z 2025/03/16 08:07:51 Failed to write defaults for key531: exit status 127
test    Test    2025-03-16T08:07:51.4555851Z 2025/03/16 08:07:51 Failed to write defaults for key532: exit status 127
test    Test    2025-03-16T08:07:51.4570577Z 2025/03/16 08:07:51 Failed to write defaults for key533: exit status 127
test    Test    2025-03-16T08:07:51.4585942Z 2025/03/16 08:07:51 Failed to write defaults for key534: exit status 127
test    Test    2025-03-16T08:07:51.4600598Z 2025/03/16 08:07:51 Failed to write defaults for key535: exit status 127
test    Test    2025-03-16T08:07:51.4615641Z 2025/03/16 08:07:51 Failed to write defaults for key536: exit status 127
test    Test    2025-03-16T08:07:51.4630297Z 2025/03/16 08:07:51 Failed to write defaults for key537: exit status 127
test    Test    2025-03-16T08:07:51.4645676Z 2025/03/16 08:07:51 Failed to write defaults for key538: exit status 127
test    Test    2025-03-16T08:07:51.4660420Z 2025/03/16 08:07:51 Failed to write defaults for key539: exit status 127
test    Test    2025-03-16T08:07:51.4675284Z 2025/03/16 08:07:51 Failed to write defaults for key540: exit status 127
test    Test    2025-03-16T08:07:51.4690457Z 2025/03/16 08:07:51 Failed to write defaults for key541: exit status 127
test    Test    2025-03-16T08:07:51.4706341Z 2025/03/16 08:07:51 Failed to write defaults for key542: exit status 127
test    Test    2025-03-16T08:07:51.4721073Z 2025/03/16 08:07:51 Failed to write defaults for key543: exit status 127
test    Test    2025-03-16T08:07:51.4736321Z 2025/03/16 08:07:51 Failed to write defaults for key544: exit status 127
test    Test    2025-03-16T08:07:51.4750921Z 2025/03/16 08:07:51 Failed to write defaults for key545: exit status 127
test    Test    2025-03-16T08:07:51.4766086Z 2025/03/16 08:07:51 Failed to write defaults for key546: exit status 127
test    Test    2025-03-16T08:07:51.4780971Z 2025/03/16 08:07:51 Failed to write defaults for key547: exit status 127
test    Test    2025-03-16T08:07:51.4795678Z 2025/03/16 08:07:51 Failed to write defaults for key548: exit status 127
test    Test    2025-03-16T08:07:51.4810764Z 2025/03/16 08:07:51 Failed to write defaults for key549: exit status 127
test    Test    2025-03-16T08:07:51.4825897Z 2025/03/16 08:07:51 Failed to write defaults for key550: exit status 127
test    Test    2025-03-16T08:07:51.4840491Z 2025/03/16 08:07:51 Failed to write defaults for key551: exit status 127
test    Test    2025-03-16T08:07:51.4855469Z 2025/03/16 08:07:51 Failed to write defaults for key552: exit status 127
test    Test    2025-03-16T08:07:51.4870625Z 2025/03/16 08:07:51 Failed to write defaults for key553: exit status 127
test    Test    2025-03-16T08:07:51.4885720Z 2025/03/16 08:07:51 Failed to write defaults for key554: exit status 127
test    Test    2025-03-16T08:07:51.4900176Z 2025/03/16 08:07:51 Failed to write defaults for key555: exit status 127
test    Test    2025-03-16T08:07:51.4915430Z 2025/03/16 08:07:51 Failed to write defaults for key556: exit status 127
test    Test    2025-03-16T08:07:51.4930669Z 2025/03/16 08:07:51 Failed to write defaults for key557: exit status 127
test    Test    2025-03-16T08:07:51.4947406Z 2025/03/16 08:07:51 Failed to write defaults for key558: exit status 127
test    Test    2025-03-16T08:07:51.4963450Z 2025/03/16 08:07:51 Failed to write defaults for key559: exit status 127
test    Test    2025-03-16T08:07:51.4978912Z 2025/03/16 08:07:51 Failed to write defaults for key560: exit status 127
test    Test    2025-03-16T08:07:51.4995102Z 2025/03/16 08:07:51 Failed to write defaults for key561: exit status 127
test    Test    2025-03-16T08:07:51.5010245Z 2025/03/16 08:07:51 Failed to write defaults for key562: exit status 127
test    Test    2025-03-16T08:07:51.5025439Z 2025/03/16 08:07:51 Failed to write defaults for key563: exit status 127
test    Test    2025-03-16T08:07:51.5039982Z 2025/03/16 08:07:51 Failed to write defaults for key564: exit status 127
test    Test    2025-03-16T08:07:51.5056245Z 2025/03/16 08:07:51 Failed to write defaults for key565: exit status 127
test    Test    2025-03-16T08:07:51.5070988Z 2025/03/16 08:07:51 Failed to write defaults for key566: exit status 127
test    Test    2025-03-16T08:07:51.5086228Z 2025/03/16 08:07:51 Failed to write defaults for key567: exit status 127
test    Test    2025-03-16T08:07:51.5101116Z 2025/03/16 08:07:51 Failed to write defaults for key568: exit status 127
test    Test    2025-03-16T08:07:51.5116175Z 2025/03/16 08:07:51 Failed to write defaults for key569: exit status 127
test    Test    2025-03-16T08:07:51.5131006Z 2025/03/16 08:07:51 Failed to write defaults for key570: exit status 127
test    Test    2025-03-16T08:07:51.5146155Z 2025/03/16 08:07:51 Failed to write defaults for key571: exit status 127
test    Test    2025-03-16T08:07:51.5160859Z 2025/03/16 08:07:51 Failed to write defaults for key572: exit status 127
test    Test    2025-03-16T08:07:51.5176412Z 2025/03/16 08:07:51 Failed to write defaults for key573: exit status 127
test    Test    2025-03-16T08:07:51.5191325Z 2025/03/16 08:07:51 Failed to write defaults for key574: exit status 127
test    Test    2025-03-16T08:07:51.5206744Z 2025/03/16 08:07:51 Failed to write defaults for key575: exit status 127
test    Test    2025-03-16T08:07:51.5222673Z 2025/03/16 08:07:51 Failed to write defaults for key576: exit status 127
test    Test    2025-03-16T08:07:51.5237577Z 2025/03/16 08:07:51 Failed to write defaults for key577: exit status 127
test    Test    2025-03-16T08:07:51.5252902Z 2025/03/16 08:07:51 Failed to write defaults for key578: exit status 127
test    Test    2025-03-16T08:07:51.5268862Z 2025/03/16 08:07:51 Failed to write defaults for key579: exit status 127
test    Test    2025-03-16T08:07:51.5284069Z 2025/03/16 08:07:51 Failed to write defaults for key580: exit status 127
test    Test    2025-03-16T08:07:51.5299298Z 2025/03/16 08:07:51 Failed to write defaults for key581: exit status 127
test    Test    2025-03-16T08:07:51.5314330Z 2025/03/16 08:07:51 Failed to write defaults for key582: exit status 127
test    Test    2025-03-16T08:07:51.5329281Z 2025/03/16 08:07:51 Failed to write defaults for key583: exit status 127
test    Test    2025-03-16T08:07:51.5344215Z 2025/03/16 08:07:51 Failed to write defaults for key584: exit status 127
test    Test    2025-03-16T08:07:51.5359170Z 2025/03/16 08:07:51 Failed to write defaults for key585: exit status 127
test    Test    2025-03-16T08:07:51.5373992Z 2025/03/16 08:07:51 Failed to write defaults for key586: exit status 127
test    Test    2025-03-16T08:07:51.5389234Z 2025/03/16 08:07:51 Failed to write defaults for key587: exit status 127
test    Test    2025-03-16T08:07:51.5404644Z 2025/03/16 08:07:51 Failed to write defaults for key588: exit status 127
test    Test    2025-03-16T08:07:51.5419173Z 2025/03/16 08:07:51 Failed to write defaults for key589: exit status 127
test    Test    2025-03-16T08:07:51.5436346Z 2025/03/16 08:07:51 Failed to write defaults for key590: exit status 127
test    Test    2025-03-16T08:07:51.5452385Z 2025/03/16 08:07:51 Failed to write defaults for key591: exit status 127
test    Test    2025-03-16T08:07:51.5469626Z 2025/03/16 08:07:51 Failed to write defaults for key592: exit status 127
test    Test    2025-03-16T08:07:51.5485540Z 2025/03/16 08:07:51 Failed to write defaults for key593: exit status 127
test    Test    2025-03-16T08:07:51.5500768Z 2025/03/16 08:07:51 Failed to write defaults for key594: exit status 127
test    Test    2025-03-16T08:07:51.5515681Z 2025/03/16 08:07:51 Failed to write defaults for key595: exit status 127
test    Test    2025-03-16T08:07:51.5530382Z 2025/03/16 08:07:51 Failed to write defaults for key596: exit status 127
test    Test    2025-03-16T08:07:51.5546328Z 2025/03/16 08:07:51 Failed to write defaults for key597: exit status 127
test    Test    2025-03-16T08:07:51.5560991Z 2025/03/16 08:07:51 Failed to write defaults for key598: exit status 127
test    Test    2025-03-16T08:07:51.5575953Z 2025/03/16 08:07:51 Failed to write defaults for key599: exit status 127
test    Test    2025-03-16T08:07:51.5591008Z 2025/03/16 08:07:51 Failed to write defaults for key600: exit status 127
test    Test    2025-03-16T08:07:51.5605726Z 2025/03/16 08:07:51 Failed to write defaults for key601: exit status 127
test    Test    2025-03-16T08:07:51.5620189Z 2025/03/16 08:07:51 Failed to write defaults for key602: exit status 127
test    Test    2025-03-16T08:07:51.5635482Z 2025/03/16 08:07:51 Failed to write defaults for key603: exit status 127
test    Test    2025-03-16T08:07:51.5654408Z 2025/03/16 08:07:51 Failed to write defaults for key604: exit status 127
test    Test    2025-03-16T08:07:51.5665329Z 2025/03/16 08:07:51 Failed to write defaults for key605: exit status 127
test    Test    2025-03-16T08:07:51.5679962Z 2025/03/16 08:07:51 Failed to write defaults for key606: exit status 127
test    Test    2025-03-16T08:07:51.5695413Z 2025/03/16 08:07:51 Failed to write defaults for key607: exit status 127
test    Test    2025-03-16T08:07:51.5711979Z 2025/03/16 08:07:51 Failed to write defaults for key608: exit status 127
test    Test    2025-03-16T08:07:51.5728112Z 2025/03/16 08:07:51 Failed to write defaults for key609: exit status 127
test    Test    2025-03-16T08:07:51.5744497Z 2025/03/16 08:07:51 Failed to write defaults for key610: exit status 127
test    Test    2025-03-16T08:07:51.5759319Z 2025/03/16 08:07:51 Failed to write defaults for key611: exit status 127
test    Test    2025-03-16T08:07:51.5774587Z 2025/03/16 08:07:51 Failed to write defaults for key612: exit status 127
test    Test    2025-03-16T08:07:51.5789457Z 2025/03/16 08:07:51 Failed to write defaults for key613: exit status 127
test    Test    2025-03-16T08:07:51.5805265Z 2025/03/16 08:07:51 Failed to write defaults for key614: exit status 127
test    Test    2025-03-16T08:07:51.5820264Z 2025/03/16 08:07:51 Failed to write defaults for key615: exit status 127
test    Test    2025-03-16T08:07:51.5835315Z 2025/03/16 08:07:51 Failed to write defaults for key616: exit status 127
test    Test    2025-03-16T08:07:51.5849914Z 2025/03/16 08:07:51 Failed to write defaults for key617: exit status 127
test    Test    2025-03-16T08:07:51.5865533Z 2025/03/16 08:07:51 Failed to write defaults for key618: exit status 127
test    Test    2025-03-16T08:07:51.5880373Z 2025/03/16 08:07:51 Failed to write defaults for key619: exit status 127
test    Test    2025-03-16T08:07:51.5895673Z 2025/03/16 08:07:51 Failed to write defaults for key620: exit status 127
test    Test    2025-03-16T08:07:51.5910598Z 2025/03/16 08:07:51 Failed to write defaults for key621: exit status 127
test    Test    2025-03-16T08:07:51.5925889Z 2025/03/16 08:07:51 Failed to write defaults for key622: exit status 127
test    Test    2025-03-16T08:07:51.5941696Z 2025/03/16 08:07:51 Failed to write defaults for key623: exit status 127
test    Test    2025-03-16T08:07:51.5957233Z 2025/03/16 08:07:51 Failed to write defaults for key624: exit status 127
test    Test    2025-03-16T08:07:51.5973120Z 2025/03/16 08:07:51 Failed to write defaults for key625: exit status 127
test    Test    2025-03-16T08:07:51.5989149Z 2025/03/16 08:07:51 Failed to write defaults for key626: exit status 127
test    Test    2025-03-16T08:07:51.6010097Z 2025/03/16 08:07:51 Failed to write defaults for key627: exit status 127
test    Test    2025-03-16T08:07:51.6027186Z 2025/03/16 08:07:51 Failed to write defaults for key628: exit status 127
test    Test    2025-03-16T08:07:51.6044049Z 2025/03/16 08:07:51 Failed to write defaults for key629: exit status 127
test    Test    2025-03-16T08:07:51.6059544Z 2025/03/16 08:07:51 Failed to write defaults for key630: exit status 127
test    Test    2025-03-16T08:07:51.6075289Z 2025/03/16 08:07:51 Failed to write defaults for key631: exit status 127
test    Test    2025-03-16T08:07:51.6090312Z 2025/03/16 08:07:51 Failed to write defaults for key632: exit status 127
test    Test    2025-03-16T08:07:51.6105694Z 2025/03/16 08:07:51 Failed to write defaults for key633: exit status 127
test    Test    2025-03-16T08:07:51.6120616Z 2025/03/16 08:07:51 Failed to write defaults for key634: exit status 127
test    Test    2025-03-16T08:07:51.6135726Z 2025/03/16 08:07:51 Failed to write defaults for key635: exit status 127
test    Test    2025-03-16T08:07:51.6150941Z 2025/03/16 08:07:51 Failed to write defaults for key636: exit status 127
test    Test    2025-03-16T08:07:51.6167288Z 2025/03/16 08:07:51 Failed to write defaults for key637: exit status 127
test    Test    2025-03-16T08:07:51.6182654Z 2025/03/16 08:07:51 Failed to write defaults for key638: exit status 127
test    Test    2025-03-16T08:07:51.6197952Z 2025/03/16 08:07:51 Failed to write defaults for key639: exit status 127
test    Test    2025-03-16T08:07:51.6213233Z 2025/03/16 08:07:51 Failed to write defaults for key640: exit status 127
test    Test    2025-03-16T08:07:51.6228465Z 2025/03/16 08:07:51 Failed to write defaults for key641: exit status 127
test    Test    2025-03-16T08:07:51.6243365Z 2025/03/16 08:07:51 Failed to write defaults for key642: exit status 127
test    Test    2025-03-16T08:07:51.6258639Z 2025/03/16 08:07:51 Failed to write defaults for key643: exit status 127
test    Test    2025-03-16T08:07:51.6274074Z 2025/03/16 08:07:51 Failed to write defaults for key644: exit status 127
test    Test    2025-03-16T08:07:51.6288839Z 2025/03/16 08:07:51 Failed to write defaults for key645: exit status 127
test    Test    2025-03-16T08:07:51.6303279Z 2025/03/16 08:07:51 Failed to write defaults for key646: exit status 127
test    Test    2025-03-16T08:07:51.6318805Z 2025/03/16 08:07:51 Failed to write defaults for key647: exit status 127
test    Test    2025-03-16T08:07:51.6333848Z 2025/03/16 08:07:51 Failed to write defaults for key648: exit status 127
test    Test    2025-03-16T08:07:51.6348894Z 2025/03/16 08:07:51 Failed to write defaults for key649: exit status 127
test    Test    2025-03-16T08:07:51.6363852Z 2025/03/16 08:07:51 Failed to write defaults for key650: exit status 127
test    Test    2025-03-16T08:07:51.6378672Z 2025/03/16 08:07:51 Failed to write defaults for key651: exit status 127
test    Test    2025-03-16T08:07:51.6393366Z 2025/03/16 08:07:51 Failed to write defaults for key652: exit status 127
test    Test    2025-03-16T08:07:51.6408372Z 2025/03/16 08:07:51 Failed to write defaults for key653: exit status 127
test    Test    2025-03-16T08:07:51.6423126Z 2025/03/16 08:07:51 Failed to write defaults for key654: exit status 127
test    Test    2025-03-16T08:07:51.6440301Z 2025/03/16 08:07:51 Failed to write defaults for key655: exit status 127
test    Test    2025-03-16T08:07:51.6456888Z 2025/03/16 08:07:51 Failed to write defaults for key656: exit status 127
test    Test    2025-03-16T08:07:51.6473045Z 2025/03/16 08:07:51 Failed to write defaults for key657: exit status 127
test    Test    2025-03-16T08:07:51.6488148Z 2025/03/16 08:07:51 Failed to write defaults for key658: exit status 127
test    Test    2025-03-16T08:07:51.6502969Z 2025/03/16 08:07:51 Failed to write defaults for key659: exit status 127
test    Test    2025-03-16T08:07:51.6518167Z 2025/03/16 08:07:51 Failed to write defaults for key660: exit status 127
test    Test    2025-03-16T08:07:51.6533382Z 2025/03/16 08:07:51 Failed to write defaults for key661: exit status 127
test    Test    2025-03-16T08:07:51.6548391Z 2025/03/16 08:07:51 Failed to write defaults for key662: exit status 127
test    Test    2025-03-16T08:07:51.6563435Z 2025/03/16 08:07:51 Failed to write defaults for key663: exit status 127
test    Test    2025-03-16T08:07:51.6578551Z 2025/03/16 08:07:51 Failed to write defaults for key664: exit status 127
test    Test    2025-03-16T08:07:51.6593415Z 2025/03/16 08:07:51 Failed to write defaults for key665: exit status 127
test    Test    2025-03-16T08:07:51.6608456Z 2025/03/16 08:07:51 Failed to write defaults for key666: exit status 127
test    Test    2025-03-16T08:07:51.6623139Z 2025/03/16 08:07:51 Failed to write defaults for key667: exit status 127
test    Test    2025-03-16T08:07:51.6638408Z 2025/03/16 08:07:51 Failed to write defaults for key668: exit status 127
test    Test    2025-03-16T08:07:51.6653372Z 2025/03/16 08:07:51 Failed to write defaults for key669: exit status 127
test    Test    2025-03-16T08:07:51.6668242Z 2025/03/16 08:07:51 Failed to write defaults for key670: exit status 127
test    Test    2025-03-16T08:07:51.6683894Z 2025/03/16 08:07:51 Failed to write defaults for key671: exit status 127
test    Test    2025-03-16T08:07:51.6698371Z 2025/03/16 08:07:51 Failed to write defaults for key672: exit status 127
test    Test    2025-03-16T08:07:51.6713422Z 2025/03/16 08:07:51 Failed to write defaults for key673: exit status 127
test    Test    2025-03-16T08:07:51.6728482Z 2025/03/16 08:07:51 Failed to write defaults for key674: exit status 127
test    Test    2025-03-16T08:07:51.6743070Z 2025/03/16 08:07:51 Failed to write defaults for key675: exit status 127
test    Test    2025-03-16T08:07:51.6758340Z 2025/03/16 08:07:51 Failed to write defaults for key676: exit status 127
test    Test    2025-03-16T08:07:51.6772973Z 2025/03/16 08:07:51 Failed to write defaults for key677: exit status 127
test    Test    2025-03-16T08:07:51.6787706Z 2025/03/16 08:07:51 Failed to write defaults for key678: exit status 127
test    Test    2025-03-16T08:07:51.6802293Z 2025/03/16 08:07:51 Failed to write defaults for key679: exit status 127
test    Test    2025-03-16T08:07:51.6817657Z 2025/03/16 08:07:51 Failed to write defaults for key680: exit status 127
test    Test    2025-03-16T08:07:51.6832088Z 2025/03/16 08:07:51 Failed to write defaults for key681: exit status 127
test    Test    2025-03-16T08:07:51.6847204Z 2025/03/16 08:07:51 Failed to write defaults for key682: exit status 127
test    Test    2025-03-16T08:07:51.6861886Z 2025/03/16 08:07:51 Failed to write defaults for key683: exit status 127
test    Test    2025-03-16T08:07:51.6876858Z 2025/03/16 08:07:51 Failed to write defaults for key684: exit status 127
test    Test    2025-03-16T08:07:51.6893087Z 2025/03/16 08:07:51 Failed to write defaults for key685: exit status 127
test    Test    2025-03-16T08:07:51.6909395Z 2025/03/16 08:07:51 Failed to write defaults for key686: exit status 127
test    Test    2025-03-16T08:07:51.6924474Z 2025/03/16 08:07:51 Failed to write defaults for key687: exit status 127
test    Test    2025-03-16T08:07:51.6939603Z 2025/03/16 08:07:51 Failed to write defaults for key688: exit status 127
test    Test    2025-03-16T08:07:51.6954738Z 2025/03/16 08:07:51 Failed to write defaults for key689: exit status 127
test    Test    2025-03-16T08:07:51.6969771Z 2025/03/16 08:07:51 Failed to write defaults for key690: exit status 127
test    Test    2025-03-16T08:07:51.6985213Z 2025/03/16 08:07:51 Failed to write defaults for key691: exit status 127
test    Test    2025-03-16T08:07:51.6999955Z 2025/03/16 08:07:51 Failed to write defaults for key692: exit status 127
test    Test    2025-03-16T08:07:51.7014761Z 2025/03/16 08:07:51 Failed to write defaults for key693: exit status 127
test    Test    2025-03-16T08:07:51.7030104Z 2025/03/16 08:07:51 Failed to write defaults for key694: exit status 127
test    Test    2025-03-16T08:07:51.7045544Z 2025/03/16 08:07:51 Failed to write defaults for key695: exit status 127
test    Test    2025-03-16T08:07:51.7061992Z 2025/03/16 08:07:51 Failed to write defaults for key696: exit status 127
test    Test    2025-03-16T08:07:51.7077539Z 2025/03/16 08:07:51 Failed to write defaults for key697: exit status 127
test    Test    2025-03-16T08:07:51.7092586Z 2025/03/16 08:07:51 Failed to write defaults for key698: exit status 127
test    Test    2025-03-16T08:07:51.7107728Z 2025/03/16 08:07:51 Failed to write defaults for key699: exit status 127
test    Test    2025-03-16T08:07:51.7122505Z 2025/03/16 08:07:51 Failed to write defaults for key700: exit status 127
test    Test    2025-03-16T08:07:51.7137637Z 2025/03/16 08:07:51 Failed to write defaults for key701: exit status 127
test    Test    2025-03-16T08:07:51.7152790Z 2025/03/16 08:07:51 Failed to write defaults for key702: exit status 127
test    Test    2025-03-16T08:07:51.7167739Z 2025/03/16 08:07:51 Failed to write defaults for key703: exit status 127
test    Test    2025-03-16T08:07:51.7182703Z 2025/03/16 08:07:51 Failed to write defaults for key704: exit status 127
test    Test    2025-03-16T08:07:51.7197897Z 2025/03/16 08:07:51 Failed to write defaults for key705: exit status 127
test    Test    2025-03-16T08:07:51.7212652Z 2025/03/16 08:07:51 Failed to write defaults for key706: exit status 127
test    Test    2025-03-16T08:07:51.7228289Z 2025/03/16 08:07:51 Failed to write defaults for key707: exit status 127
test    Test    2025-03-16T08:07:51.7244805Z 2025/03/16 08:07:51 Failed to write defaults for key708: exit status 127
test    Test    2025-03-16T08:07:51.7261485Z 2025/03/16 08:07:51 Failed to write defaults for key709: exit status 127
test    Test    2025-03-16T08:07:51.7276698Z 2025/03/16 08:07:51 Failed to write defaults for key710: exit status 127
test    Test    2025-03-16T08:07:51.7291739Z 2025/03/16 08:07:51 Failed to write defaults for key711: exit status 127
test    Test    2025-03-16T08:07:51.7306909Z 2025/03/16 08:07:51 Failed to write defaults for key712: exit status 127
test    Test    2025-03-16T08:07:51.7321638Z 2025/03/16 08:07:51 Failed to write defaults for key713: exit status 127
test    Test    2025-03-16T08:07:51.7336303Z 2025/03/16 08:07:51 Failed to write defaults for key714: exit status 127
test    Test    2025-03-16T08:07:51.7351323Z 2025/03/16 08:07:51 Failed to write defaults for key715: exit status 127
test    Test    2025-03-16T08:07:51.7366169Z 2025/03/16 08:07:51 Failed to write defaults for key716: exit status 127
test    Test    2025-03-16T08:07:51.7381053Z 2025/03/16 08:07:51 Failed to write defaults for key717: exit status 127
test    Test    2025-03-16T08:07:51.7396400Z 2025/03/16 08:07:51 Failed to write defaults for key718: exit status 127
test    Test    2025-03-16T08:07:51.7411145Z 2025/03/16 08:07:51 Failed to write defaults for key719: exit status 127
test    Test    2025-03-16T08:07:51.7426321Z 2025/03/16 08:07:51 Failed to write defaults for key720: exit status 127
test    Test    2025-03-16T08:07:51.7441488Z 2025/03/16 08:07:51 Failed to write defaults for key721: exit status 127
test    Test    2025-03-16T08:07:51.7456346Z 2025/03/16 08:07:51 Failed to write defaults for key722: exit status 127
test    Test    2025-03-16T08:07:51.7470906Z 2025/03/16 08:07:51 Failed to write defaults for key723: exit status 127
test    Test    2025-03-16T08:07:51.7486113Z 2025/03/16 08:07:51 Failed to write defaults for key724: exit status 127
test    Test    2025-03-16T08:07:51.7502789Z 2025/03/16 08:07:51 Failed to write defaults for key725: exit status 127
test    Test    2025-03-16T08:07:51.7519526Z 2025/03/16 08:07:51 Failed to write defaults for key726: exit status 127
test    Test    2025-03-16T08:07:51.7535762Z 2025/03/16 08:07:51 Failed to write defaults for key727: exit status 127
test    Test    2025-03-16T08:07:51.7550344Z 2025/03/16 08:07:51 Failed to write defaults for key728: exit status 127
test    Test    2025-03-16T08:07:51.7566027Z 2025/03/16 08:07:51 Failed to write defaults for key729: exit status 127
test    Test    2025-03-16T08:07:51.7581018Z 2025/03/16 08:07:51 Failed to write defaults for key730: exit status 127
test    Test    2025-03-16T08:07:51.7595607Z 2025/03/16 08:07:51 Failed to write defaults for key731: exit status 127
test    Test    2025-03-16T08:07:51.7610991Z 2025/03/16 08:07:51 Failed to write defaults for key732: exit status 127
test    Test    2025-03-16T08:07:51.7626126Z 2025/03/16 08:07:51 Failed to write defaults for key733: exit status 127
test    Test    2025-03-16T08:07:51.7640652Z 2025/03/16 08:07:51 Failed to write defaults for key734: exit status 127
test    Test    2025-03-16T08:07:51.7655981Z 2025/03/16 08:07:51 Failed to write defaults for key735: exit status 127
test    Test    2025-03-16T08:07:51.7670796Z 2025/03/16 08:07:51 Failed to write defaults for key736: exit status 127
test    Test    2025-03-16T08:07:51.7685853Z 2025/03/16 08:07:51 Failed to write defaults for key737: exit status 127
test    Test    2025-03-16T08:07:51.7700657Z 2025/03/16 08:07:51 Failed to write defaults for key738: exit status 127
test    Test    2025-03-16T08:07:51.7715789Z 2025/03/16 08:07:51 Failed to write defaults for key739: exit status 127
test    Test    2025-03-16T08:07:51.7730464Z 2025/03/16 08:07:51 Failed to write defaults for key740: exit status 127
test    Test    2025-03-16T08:07:51.7746219Z 2025/03/16 08:07:51 Failed to write defaults for key741: exit status 127
test    Test    2025-03-16T08:07:51.7763399Z 2025/03/16 08:07:51 Failed to write defaults for key742: exit status 127
test    Test    2025-03-16T08:07:51.7779192Z 2025/03/16 08:07:51 Failed to write defaults for key743: exit status 127
test    Test    2025-03-16T08:07:51.7794624Z 2025/03/16 08:07:51 Failed to write defaults for key744: exit status 127
test    Test    2025-03-16T08:07:51.7809721Z 2025/03/16 08:07:51 Failed to write defaults for key745: exit status 127
test    Test    2025-03-16T08:07:51.7824981Z 2025/03/16 08:07:51 Failed to write defaults for key746: exit status 127
test    Test    2025-03-16T08:07:51.7839861Z 2025/03/16 08:07:51 Failed to write defaults for key747: exit status 127
test    Test    2025-03-16T08:07:51.7855341Z 2025/03/16 08:07:51 Failed to write defaults for key748: exit status 127
test    Test    2025-03-16T08:07:51.7870602Z 2025/03/16 08:07:51 Failed to write defaults for key749: exit status 127
test    Test    2025-03-16T08:07:51.7886150Z 2025/03/16 08:07:51 Failed to write defaults for key750: exit status 127
test    Test    2025-03-16T08:07:51.7901288Z 2025/03/16 08:07:51 Failed to write defaults for key751: exit status 127
test    Test    2025-03-16T08:07:51.7916906Z 2025/03/16 08:07:51 Failed to write defaults for key752: exit status 127
test    Test    2025-03-16T08:07:51.7931987Z 2025/03/16 08:07:51 Failed to write defaults for key753: exit status 127
test    Test    2025-03-16T08:07:51.7949335Z 2025/03/16 08:07:51 Failed to write defaults for key754: exit status 127
test    Test    2025-03-16T08:07:51.7964915Z 2025/03/16 08:07:51 Failed to write defaults for key755: exit status 127
test    Test    2025-03-16T08:07:51.7980625Z 2025/03/16 08:07:51 Failed to write defaults for key756: exit status 127
test    Test    2025-03-16T08:07:51.7995994Z 2025/03/16 08:07:51 Failed to write defaults for key757: exit status 127
test    Test    2025-03-16T08:07:51.8011552Z 2025/03/16 08:07:51 Failed to write defaults for key758: exit status 127
test    Test    2025-03-16T08:07:51.8028274Z 2025/03/16 08:07:51 Failed to write defaults for key759: exit status 127
test    Test    2025-03-16T08:07:51.8043794Z 2025/03/16 08:07:51 Failed to write defaults for key760: exit status 127
test    Test    2025-03-16T08:07:51.8058812Z 2025/03/16 08:07:51 Failed to write defaults for key761: exit status 127
test    Test    2025-03-16T08:07:51.8074500Z 2025/03/16 08:07:51 Failed to write defaults for key762: exit status 127
test    Test    2025-03-16T08:07:51.8089687Z 2025/03/16 08:07:51 Failed to write defaults for key763: exit status 127
test    Test    2025-03-16T08:07:51.8105221Z 2025/03/16 08:07:51 Failed to write defaults for key764: exit status 127
test    Test    2025-03-16T08:07:51.8121576Z 2025/03/16 08:07:51 Failed to write defaults for key765: exit status 127
test    Test    2025-03-16T08:07:51.8137942Z 2025/03/16 08:07:51 Failed to write defaults for key766: exit status 127
test    Test    2025-03-16T08:07:51.8152893Z 2025/03/16 08:07:51 Failed to write defaults for key767: exit status 127
test    Test    2025-03-16T08:07:51.8168585Z 2025/03/16 08:07:51 Failed to write defaults for key768: exit status 127
test    Test    2025-03-16T08:07:51.8183260Z 2025/03/16 08:07:51 Failed to write defaults for key769: exit status 127
test    Test    2025-03-16T08:07:51.8198639Z 2025/03/16 08:07:51 Failed to write defaults for key770: exit status 127
test    Test    2025-03-16T08:07:51.8213719Z 2025/03/16 08:07:51 Failed to write defaults for key771: exit status 127
test    Test    2025-03-16T08:07:51.8228851Z 2025/03/16 08:07:51 Failed to write defaults for key772: exit status 127
test    Test    2025-03-16T08:07:51.8243914Z 2025/03/16 08:07:51 Failed to write defaults for key773: exit status 127
test    Test    2025-03-16T08:07:51.8258858Z 2025/03/16 08:07:51 Failed to write defaults for key774: exit status 127
test    Test    2025-03-16T08:07:51.8274090Z 2025/03/16 08:07:51 Failed to write defaults for key775: exit status 127
test    Test    2025-03-16T08:07:51.8289088Z 2025/03/16 08:07:51 Failed to write defaults for key776: exit status 127
test    Test    2025-03-16T08:07:51.8305698Z 2025/03/16 08:07:51 Failed to write defaults for key777: exit status 127
test    Test    2025-03-16T08:07:51.8320895Z 2025/03/16 08:07:51 Failed to write defaults for key778: exit status 127
test    Test    2025-03-16T08:07:51.8336342Z 2025/03/16 08:07:51 Failed to write defaults for key779: exit status 127
test    Test    2025-03-16T08:07:51.8351687Z 2025/03/16 08:07:51 Failed to write defaults for key780: exit status 127
test    Test    2025-03-16T08:07:51.8367711Z 2025/03/16 08:07:51 Failed to write defaults for key781: exit status 127
test    Test    2025-03-16T08:07:51.8382449Z 2025/03/16 08:07:51 Failed to write defaults for key782: exit status 127
test    Test    2025-03-16T08:07:51.8398019Z 2025/03/16 08:07:51 Failed to write defaults for key783: exit status 127
test    Test    2025-03-16T08:07:51.8412856Z 2025/03/16 08:07:51 Failed to write defaults for key784: exit status 127
test    Test    2025-03-16T08:07:51.8428381Z 2025/03/16 08:07:51 Failed to write defaults for key785: exit status 127
test    Test    2025-03-16T08:07:51.8443955Z 2025/03/16 08:07:51 Failed to write defaults for key786: exit status 127
test    Test    2025-03-16T08:07:51.8465123Z 2025/03/16 08:07:51 Failed to write defaults for key787: exit status 127
test    Test    2025-03-16T08:07:51.8480573Z 2025/03/16 08:07:51 Failed to write defaults for key788: exit status 127
test    Test    2025-03-16T08:07:51.8496435Z 2025/03/16 08:07:51 Failed to write defaults for key789: exit status 127
test    Test    2025-03-16T08:07:51.8512059Z 2025/03/16 08:07:51 Failed to write defaults for key790: exit status 127
test    Test    2025-03-16T08:07:51.8527860Z 2025/03/16 08:07:51 Failed to write defaults for key791: exit status 127
test    Test    2025-03-16T08:07:51.8543026Z 2025/03/16 08:07:51 Failed to write defaults for key792: exit status 127
test    Test    2025-03-16T08:07:51.8558902Z 2025/03/16 08:07:51 Failed to write defaults for key793: exit status 127
test    Test    2025-03-16T08:07:51.8575377Z 2025/03/16 08:07:51 Failed to write defaults for key794: exit status 127
test    Test    2025-03-16T08:07:51.8592147Z 2025/03/16 08:07:51 Failed to write defaults for key795: exit status 127
test    Test    2025-03-16T08:07:51.8607912Z 2025/03/16 08:07:51 Failed to write defaults for key796: exit status 127
test    Test    2025-03-16T08:07:51.8624347Z 2025/03/16 08:07:51 Failed to write defaults for key797: exit status 127
test    Test    2025-03-16T08:07:51.8640032Z 2025/03/16 08:07:51 Failed to write defaults for key798: exit status 127
test    Test    2025-03-16T08:07:51.8655238Z 2025/03/16 08:07:51 Failed to write defaults for key799: exit status 127
test    Test    2025-03-16T08:07:51.8670568Z 2025/03/16 08:07:51 Failed to write defaults for key800: exit status 127
test    Test    2025-03-16T08:07:51.8685423Z 2025/03/16 08:07:51 Failed to write defaults for key801: exit status 127
test    Test    2025-03-16T08:07:51.8700657Z 2025/03/16 08:07:51 Failed to write defaults for key802: exit status 127
test    Test    2025-03-16T08:07:51.8715676Z 2025/03/16 08:07:51 Failed to write defaults for key803: exit status 127
test    Test    2025-03-16T08:07:51.8730154Z 2025/03/16 08:07:51 Failed to write defaults for key804: exit status 127
test    Test    2025-03-16T08:07:51.8745377Z 2025/03/16 08:07:51 Failed to write defaults for key805: exit status 127
test    Test    2025-03-16T08:07:51.8760086Z 2025/03/16 08:07:51 Failed to write defaults for key806: exit status 127
test    Test    2025-03-16T08:07:51.8776455Z 2025/03/16 08:07:51 Failed to write defaults for key807: exit status 127
test    Test    2025-03-16T08:07:51.8791615Z 2025/03/16 08:07:51 Failed to write defaults for key808: exit status 127
test    Test    2025-03-16T08:07:51.8806459Z 2025/03/16 08:07:51 Failed to write defaults for key809: exit status 127
test    Test    2025-03-16T08:07:51.8821601Z 2025/03/16 08:07:51 Failed to write defaults for key810: exit status 127
test    Test    2025-03-16T08:07:51.8836612Z 2025/03/16 08:07:51 Failed to write defaults for key811: exit status 127
test    Test    2025-03-16T08:07:51.8851047Z 2025/03/16 08:07:51 Failed to write defaults for key812: exit status 127
test    Test    2025-03-16T08:07:51.8866436Z 2025/03/16 08:07:51 Failed to write defaults for key813: exit status 127
test    Test    2025-03-16T08:07:51.8882159Z 2025/03/16 08:07:51 Failed to write defaults for key814: exit status 127
test    Test    2025-03-16T08:07:51.8897617Z 2025/03/16 08:07:51 Failed to write defaults for key815: exit status 127
test    Test    2025-03-16T08:07:51.8912877Z 2025/03/16 08:07:51 Failed to write defaults for key816: exit status 127
test    Test    2025-03-16T08:07:51.8928227Z 2025/03/16 08:07:51 Failed to write defaults for key817: exit status 127
test    Test    2025-03-16T08:07:51.8943137Z 2025/03/16 08:07:51 Failed to write defaults for key818: exit status 127
test    Test    2025-03-16T08:07:51.8958507Z 2025/03/16 08:07:51 Failed to write defaults for key819: exit status 127
test    Test    2025-03-16T08:07:51.8973736Z 2025/03/16 08:07:51 Failed to write defaults for key820: exit status 127
test    Test    2025-03-16T08:07:51.8988922Z 2025/03/16 08:07:51 Failed to write defaults for key821: exit status 127
test    Test    2025-03-16T08:07:51.9004448Z 2025/03/16 08:07:51 Failed to write defaults for key822: exit status 127
test    Test    2025-03-16T08:07:51.9019566Z 2025/03/16 08:07:51 Failed to write defaults for key823: exit status 127
test    Test    2025-03-16T08:07:51.9035866Z 2025/03/16 08:07:51 Failed to write defaults for key824: exit status 127
test    Test    2025-03-16T08:07:51.9051422Z 2025/03/16 08:07:51 Failed to write defaults for key825: exit status 127
test    Test    2025-03-16T08:07:51.9066751Z 2025/03/16 08:07:51 Failed to write defaults for key826: exit status 127
test    Test    2025-03-16T08:07:51.9081446Z 2025/03/16 08:07:51 Failed to write defaults for key827: exit status 127
test    Test    2025-03-16T08:07:51.9096493Z 2025/03/16 08:07:51 Failed to write defaults for key828: exit status 127
test    Test    2025-03-16T08:07:51.9111504Z 2025/03/16 08:07:51 Failed to write defaults for key829: exit status 127
test    Test    2025-03-16T08:07:51.9126550Z 2025/03/16 08:07:51 Failed to write defaults for key830: exit status 127
test    Test    2025-03-16T08:07:51.9140925Z 2025/03/16 08:07:51 Failed to write defaults for key831: exit status 127
test    Test    2025-03-16T08:07:51.9156274Z 2025/03/16 08:07:51 Failed to write defaults for key832: exit status 127
test    Test    2025-03-16T08:07:51.9171343Z 2025/03/16 08:07:51 Failed to write defaults for key833: exit status 127
test    Test    2025-03-16T08:07:51.9186007Z 2025/03/16 08:07:51 Failed to write defaults for key834: exit status 127
test    Test    2025-03-16T08:07:51.9201111Z 2025/03/16 08:07:51 Failed to write defaults for key835: exit status 127
test    Test    2025-03-16T08:07:51.9216019Z 2025/03/16 08:07:51 Failed to write defaults for key836: exit status 127
test    Test    2025-03-16T08:07:51.9230964Z 2025/03/16 08:07:51 Failed to write defaults for key837: exit status 127
test    Test    2025-03-16T08:07:51.9246427Z 2025/03/16 08:07:51 Failed to write defaults for key838: exit status 127
test    Test    2025-03-16T08:07:51.9260833Z 2025/03/16 08:07:51 Failed to write defaults for key839: exit status 127
test    Test    2025-03-16T08:07:51.9276917Z 2025/03/16 08:07:51 Failed to write defaults for key840: exit status 127
test    Test    2025-03-16T08:07:51.9294066Z 2025/03/16 08:07:51 Failed to write defaults for key841: exit status 127
test    Test    2025-03-16T08:07:51.9310282Z 2025/03/16 08:07:51 Failed to write defaults for key842: exit status 127
test    Test    2025-03-16T08:07:51.9326270Z 2025/03/16 08:07:51 Failed to write defaults for key843: exit status 127
test    Test    2025-03-16T08:07:51.9341052Z 2025/03/16 08:07:51 Failed to write defaults for key844: exit status 127
test    Test    2025-03-16T08:07:51.9356154Z 2025/03/16 08:07:51 Failed to write defaults for key845: exit status 127
test    Test    2025-03-16T08:07:51.9370897Z 2025/03/16 08:07:51 Failed to write defaults for key846: exit status 127
test    Test    2025-03-16T08:07:51.9386155Z 2025/03/16 08:07:51 Failed to write defaults for key847: exit status 127
test    Test    2025-03-16T08:07:51.9400822Z 2025/03/16 08:07:51 Failed to write defaults for key848: exit status 127
test    Test    2025-03-16T08:07:51.9415992Z 2025/03/16 08:07:51 Failed to write defaults for key849: exit status 127
test    Test    2025-03-16T08:07:51.9430883Z 2025/03/16 08:07:51 Failed to write defaults for key850: exit status 127
test    Test    2025-03-16T08:07:51.9446073Z 2025/03/16 08:07:51 Failed to write defaults for key851: exit status 127
test    Test    2025-03-16T08:07:51.9460630Z 2025/03/16 08:07:51 Failed to write defaults for key852: exit status 127
test    Test    2025-03-16T08:07:51.9476037Z 2025/03/16 08:07:51 Failed to write defaults for key853: exit status 127
test    Test    2025-03-16T08:07:51.9490958Z 2025/03/16 08:07:51 Failed to write defaults for key854: exit status 127
test    Test    2025-03-16T08:07:51.9506321Z 2025/03/16 08:07:51 Failed to write defaults for key855: exit status 127
test    Test    2025-03-16T08:07:51.9521260Z 2025/03/16 08:07:51 Failed to write defaults for key856: exit status 127
test    Test    2025-03-16T08:07:51.9536932Z 2025/03/16 08:07:51 Failed to write defaults for key857: exit status 127
test    Test    2025-03-16T08:07:51.9551964Z 2025/03/16 08:07:51 Failed to write defaults for key858: exit status 127
test    Test    2025-03-16T08:07:51.9568884Z 2025/03/16 08:07:51 Failed to write defaults for key859: exit status 127
test    Test    2025-03-16T08:07:51.9585330Z 2025/03/16 08:07:51 Failed to write defaults for key860: exit status 127
test    Test    2025-03-16T08:07:51.9600635Z 2025/03/16 08:07:51 Failed to write defaults for key861: exit status 127
test    Test    2025-03-16T08:07:51.9615862Z 2025/03/16 08:07:51 Failed to write defaults for key862: exit status 127
test    Test    2025-03-16T08:07:51.9630820Z 2025/03/16 08:07:51 Failed to write defaults for key863: exit status 127
test    Test    2025-03-16T08:07:51.9645976Z 2025/03/16 08:07:51 Failed to write defaults for key864: exit status 127
test    Test    2025-03-16T08:07:51.9660698Z 2025/03/16 08:07:51 Failed to write defaults for key865: exit status 127
test    Test    2025-03-16T08:07:51.9676045Z 2025/03/16 08:07:51 Failed to write defaults for key866: exit status 127
test    Test    2025-03-16T08:07:51.9691117Z 2025/03/16 08:07:51 Failed to write defaults for key867: exit status 127
test    Test    2025-03-16T08:07:51.9706250Z 2025/03/16 08:07:51 Failed to write defaults for key868: exit status 127
test    Test    2025-03-16T08:07:51.9721196Z 2025/03/16 08:07:51 Failed to write defaults for key869: exit status 127
test    Test    2025-03-16T08:07:51.9736418Z 2025/03/16 08:07:51 Failed to write defaults for key870: exit status 127
test    Test    2025-03-16T08:07:51.9751239Z 2025/03/16 08:07:51 Failed to write defaults for key871: exit status 127
test    Test    2025-03-16T08:07:51.9767348Z 2025/03/16 08:07:51 Failed to write defaults for key872: exit status 127
test    Test    2025-03-16T08:07:51.9782420Z 2025/03/16 08:07:51 Failed to write defaults for key873: exit status 127
test    Test    2025-03-16T08:07:51.9799927Z 2025/03/16 08:07:51 Failed to write defaults for key874: exit status 127
test    Test    2025-03-16T08:07:51.9816196Z 2025/03/16 08:07:51 Failed to write defaults for key875: exit status 127
test    Test    2025-03-16T08:07:51.9831494Z 2025/03/16 08:07:51 Failed to write defaults for key876: exit status 127
test    Test    2025-03-16T08:07:51.9847485Z 2025/03/16 08:07:51 Failed to write defaults for key877: exit status 127
test    Test    2025-03-16T08:07:51.9862845Z 2025/03/16 08:07:51 Failed to write defaults for key878: exit status 127
test    Test    2025-03-16T08:07:51.9877984Z 2025/03/16 08:07:51 Failed to write defaults for key879: exit status 127
test    Test    2025-03-16T08:07:51.9892460Z 2025/03/16 08:07:51 Failed to write defaults for key880: exit status 127
test    Test    2025-03-16T08:07:51.9907828Z 2025/03/16 08:07:51 Failed to write defaults for key881: exit status 127
test    Test    2025-03-16T08:07:51.9923055Z 2025/03/16 08:07:51 Failed to write defaults for key882: exit status 127
test    Test    2025-03-16T08:07:51.9937862Z 2025/03/16 08:07:51 Failed to write defaults for key883: exit status 127
test    Test    2025-03-16T08:07:51.9952787Z 2025/03/16 08:07:51 Failed to write defaults for key884: exit status 127
test    Test    2025-03-16T08:07:51.9967729Z 2025/03/16 08:07:51 Failed to write defaults for key885: exit status 127
test    Test    2025-03-16T08:07:51.9982526Z 2025/03/16 08:07:51 Failed to write defaults for key886: exit status 127
test    Test    2025-03-16T08:07:51.9997946Z 2025/03/16 08:07:51 Failed to write defaults for key887: exit status 127
test    Test    2025-03-16T08:07:52.0012690Z 2025/03/16 08:07:52 Failed to write defaults for key888: exit status 127
test    Test    2025-03-16T08:07:52.0027761Z 2025/03/16 08:07:52 Failed to write defaults for key889: exit status 127
test    Test    2025-03-16T08:07:52.0042365Z 2025/03/16 08:07:52 Failed to write defaults for key890: exit status 127
test    Test    2025-03-16T08:07:52.0057618Z 2025/03/16 08:07:52 Failed to write defaults for key891: exit status 127
test    Test    2025-03-16T08:07:52.0072971Z 2025/03/16 08:07:52 Failed to write defaults for key892: exit status 127
test    Test    2025-03-16T08:07:52.0087881Z 2025/03/16 08:07:52 Failed to write defaults for key893: exit status 127
test    Test    2025-03-16T08:07:52.0103457Z 2025/03/16 08:07:52 Failed to write defaults for key894: exit status 127
test    Test    2025-03-16T08:07:52.0119258Z 2025/03/16 08:07:52 Failed to write defaults for key895: exit status 127
test    Test    2025-03-16T08:07:52.0134333Z 2025/03/16 08:07:52 Failed to write defaults for key896: exit status 127
test    Test    2025-03-16T08:07:52.0148933Z 2025/03/16 08:07:52 Failed to write defaults for key897: exit status 127
test    Test    2025-03-16T08:07:52.0164543Z 2025/03/16 08:07:52 Failed to write defaults for key898: exit status 127
test    Test    2025-03-16T08:07:52.0179284Z 2025/03/16 08:07:52 Failed to write defaults for key899: exit status 127
test    Test    2025-03-16T08:07:52.0194334Z 2025/03/16 08:07:52 Failed to write defaults for key900: exit status 127
test    Test    2025-03-16T08:07:52.0209103Z 2025/03/16 08:07:52 Failed to write defaults for key901: exit status 127
test    Test    2025-03-16T08:07:52.0224381Z 2025/03/16 08:07:52 Failed to write defaults for key902: exit status 127
test    Test    2025-03-16T08:07:52.0239286Z 2025/03/16 08:07:52 Failed to write defaults for key903: exit status 127
test    Test    2025-03-16T08:07:52.0254093Z 2025/03/16 08:07:52 Failed to write defaults for key904: exit status 127
test    Test    2025-03-16T08:07:52.0269411Z 2025/03/16 08:07:52 Failed to write defaults for key905: exit status 127
test    Test    2025-03-16T08:07:52.0284319Z 2025/03/16 08:07:52 Failed to write defaults for key906: exit status 127
test    Test    2025-03-16T08:07:52.0298846Z 2025/03/16 08:07:52 Failed to write defaults for key907: exit status 127
test    Test    2025-03-16T08:07:52.0314046Z 2025/03/16 08:07:52 Failed to write defaults for key908: exit status 127
test    Test    2025-03-16T08:07:52.0330455Z 2025/03/16 08:07:52 Failed to write defaults for key909: exit status 127
test    Test    2025-03-16T08:07:52.0345798Z 2025/03/16 08:07:52 Failed to write defaults for key910: exit status 127
test    Test    2025-03-16T08:07:52.0361132Z 2025/03/16 08:07:52 Failed to write defaults for key911: exit status 127
test    Test    2025-03-16T08:07:52.0376447Z 2025/03/16 08:07:52 Failed to write defaults for key912: exit status 127
test    Test    2025-03-16T08:07:52.0391453Z 2025/03/16 08:07:52 Failed to write defaults for key913: exit status 127
test    Test    2025-03-16T08:07:52.0406722Z 2025/03/16 08:07:52 Failed to write defaults for key914: exit status 127
test    Test    2025-03-16T08:07:52.0421510Z 2025/03/16 08:07:52 Failed to write defaults for key915: exit status 127
test    Test    2025-03-16T08:07:52.0436774Z 2025/03/16 08:07:52 Failed to write defaults for key916: exit status 127
test    Test    2025-03-16T08:07:52.0451765Z 2025/03/16 08:07:52 Failed to write defaults for key917: exit status 127
test    Test    2025-03-16T08:07:52.0467140Z 2025/03/16 08:07:52 Failed to write defaults for key918: exit status 127
test    Test    2025-03-16T08:07:52.0481973Z 2025/03/16 08:07:52 Failed to write defaults for key919: exit status 127
test    Test    2025-03-16T08:07:52.0496930Z 2025/03/16 08:07:52 Failed to write defaults for key920: exit status 127
test    Test    2025-03-16T08:07:52.0512084Z 2025/03/16 08:07:52 Failed to write defaults for key921: exit status 127
test    Test    2025-03-16T08:07:52.0527203Z 2025/03/16 08:07:52 Failed to write defaults for key922: exit status 127
test    Test    2025-03-16T08:07:52.0542411Z 2025/03/16 08:07:52 Failed to write defaults for key923: exit status 127
test    Test    2025-03-16T08:07:52.0557687Z 2025/03/16 08:07:52 Failed to write defaults for key924: exit status 127
test    Test    2025-03-16T08:07:52.0573024Z 2025/03/16 08:07:52 Failed to write defaults for key925: exit status 127
test    Test    2025-03-16T08:07:52.0589816Z 2025/03/16 08:07:52 Failed to write defaults for key926: exit status 127
test    Test    2025-03-16T08:07:52.0605038Z 2025/03/16 08:07:52 Failed to write defaults for key927: exit status 127
test    Test    2025-03-16T08:07:52.0619924Z 2025/03/16 08:07:52 Failed to write defaults for key928: exit status 127
test    Test    2025-03-16T08:07:52.0635380Z 2025/03/16 08:07:52 Failed to write defaults for key929: exit status 127
test    Test    2025-03-16T08:07:52.0650245Z 2025/03/16 08:07:52 Failed to write defaults for key930: exit status 127
test    Test    2025-03-16T08:07:52.0664926Z 2025/03/16 08:07:52 Failed to write defaults for key931: exit status 127
test    Test    2025-03-16T08:07:52.0679983Z 2025/03/16 08:07:52 Failed to write defaults for key932: exit status 127
test    Test    2025-03-16T08:07:52.0695016Z 2025/03/16 08:07:52 Failed to write defaults for key933: exit status 127
test    Test    2025-03-16T08:07:52.0709623Z 2025/03/16 08:07:52 Failed to write defaults for key934: exit status 127
test    Test    2025-03-16T08:07:52.0725823Z 2025/03/16 08:07:52 Failed to write defaults for key935: exit status 127
test    Test    2025-03-16T08:07:52.0741170Z 2025/03/16 08:07:52 Failed to write defaults for key936: exit status 127
test    Test    2025-03-16T08:07:52.0756409Z 2025/03/16 08:07:52 Failed to write defaults for key937: exit status 127
test    Test    2025-03-16T08:07:52.0773125Z 2025/03/16 08:07:52 Failed to write defaults for key938: exit status 127
test    Test    2025-03-16T08:07:52.0789199Z 2025/03/16 08:07:52 Failed to write defaults for key939: exit status 127
test    Test    2025-03-16T08:07:52.0804299Z 2025/03/16 08:07:52 Failed to write defaults for key940: exit status 127
test    Test    2025-03-16T08:07:52.0819534Z 2025/03/16 08:07:52 Failed to write defaults for key941: exit status 127
test    Test    2025-03-16T08:07:52.0834666Z 2025/03/16 08:07:52 Failed to write defaults for key942: exit status 127
test    Test    2025-03-16T08:07:52.0849472Z 2025/03/16 08:07:52 Failed to write defaults for key943: exit status 127
test    Test    2025-03-16T08:07:52.0864638Z 2025/03/16 08:07:52 Failed to write defaults for key944: exit status 127
test    Test    2025-03-16T08:07:52.0879697Z 2025/03/16 08:07:52 Failed to write defaults for key945: exit status 127
test    Test    2025-03-16T08:07:52.0894473Z 2025/03/16 08:07:52 Failed to write defaults for key946: exit status 127
test    Test    2025-03-16T08:07:52.0909298Z 2025/03/16 08:07:52 Failed to write defaults for key947: exit status 127
test    Test    2025-03-16T08:07:52.0924042Z 2025/03/16 08:07:52 Failed to write defaults for key948: exit status 127
test    Test    2025-03-16T08:07:52.0938806Z 2025/03/16 08:07:52 Failed to write defaults for key949: exit status 127
test    Test    2025-03-16T08:07:52.0954575Z 2025/03/16 08:07:52 Failed to write defaults for key950: exit status 127
test    Test    2025-03-16T08:07:52.0970205Z 2025/03/16 08:07:52 Failed to write defaults for key951: exit status 127
test    Test    2025-03-16T08:07:52.0985364Z 2025/03/16 08:07:52 Failed to write defaults for key952: exit status 127
test    Test    2025-03-16T08:07:52.1000229Z 2025/03/16 08:07:52 Failed to write defaults for key953: exit status 127
test    Test    2025-03-16T08:07:52.1015467Z 2025/03/16 08:07:52 Failed to write defaults for key954: exit status 127
test    Test    2025-03-16T08:07:52.1030608Z 2025/03/16 08:07:52 Failed to write defaults for key955: exit status 127
test    Test    2025-03-16T08:07:52.1045748Z 2025/03/16 08:07:52 Failed to write defaults for key956: exit status 127
test    Test    2025-03-16T08:07:52.1060404Z 2025/03/16 08:07:52 Failed to write defaults for key957: exit status 127
test    Test    2025-03-16T08:07:52.1075645Z 2025/03/16 08:07:52 Failed to write defaults for key958: exit status 127
test    Test    2025-03-16T08:07:52.1091885Z 2025/03/16 08:07:52 Failed to write defaults for key959: exit status 127
test    Test    2025-03-16T08:07:52.1107730Z 2025/03/16 08:07:52 Failed to write defaults for key960: exit status 127
test    Test    2025-03-16T08:07:52.1124333Z 2025/03/16 08:07:52 Failed to write defaults for key961: exit status 127
test    Test    2025-03-16T08:07:52.1139332Z 2025/03/16 08:07:52 Failed to write defaults for key962: exit status 127
test    Test    2025-03-16T08:07:52.1154661Z 2025/03/16 08:07:52 Failed to write defaults for key963: exit status 127
test    Test    2025-03-16T08:07:52.1169453Z 2025/03/16 08:07:52 Failed to write defaults for key964: exit status 127
test    Test    2025-03-16T08:07:52.1184738Z 2025/03/16 08:07:52 Failed to write defaults for key965: exit status 127
test    Test    2025-03-16T08:07:52.1199777Z 2025/03/16 08:07:52 Failed to write defaults for key966: exit status 127
test    Test    2025-03-16T08:07:52.1214724Z 2025/03/16 08:07:52 Failed to write defaults for key967: exit status 127
test    Test    2025-03-16T08:07:52.1229916Z 2025/03/16 08:07:52 Failed to write defaults for key968: exit status 127
test    Test    2025-03-16T08:07:52.1245151Z 2025/03/16 08:07:52 Failed to write defaults for key969: exit status 127
test    Test    2025-03-16T08:07:52.1260294Z 2025/03/16 08:07:52 Failed to write defaults for key970: exit status 127
test    Test    2025-03-16T08:07:52.1275974Z 2025/03/16 08:07:52 Failed to write defaults for key971: exit status 127
test    Test    2025-03-16T08:07:52.1292626Z 2025/03/16 08:07:52 Failed to write defaults for key972: exit status 127
test    Test    2025-03-16T08:07:52.1307780Z 2025/03/16 08:07:52 Failed to write defaults for key973: exit status 127
test    Test    2025-03-16T08:07:52.1322468Z 2025/03/16 08:07:52 Failed to write defaults for key974: exit status 127
test    Test    2025-03-16T08:07:52.1337611Z 2025/03/16 08:07:52 Failed to write defaults for key975: exit status 127
test    Test    2025-03-16T08:07:52.1352700Z 2025/03/16 08:07:52 Failed to write defaults for key976: exit status 127
test    Test    2025-03-16T08:07:52.1367881Z 2025/03/16 08:07:52 Failed to write defaults for key977: exit status 127
test    Test    2025-03-16T08:07:52.1382675Z 2025/03/16 08:07:52 Failed to write defaults for key978: exit status 127
test    Test    2025-03-16T08:07:52.1397813Z 2025/03/16 08:07:52 Failed to write defaults for key979: exit status 127
test    Test    2025-03-16T08:07:52.1412813Z 2025/03/16 08:07:52 Failed to write defaults for key980: exit status 127
test    Test    2025-03-16T08:07:52.1427628Z 2025/03/16 08:07:52 Failed to write defaults for key981: exit status 127
test    Test    2025-03-16T08:07:52.1442291Z 2025/03/16 08:07:52 Failed to write defaults for key982: exit status 127
test    Test    2025-03-16T08:07:52.1457693Z 2025/03/16 08:07:52 Failed to write defaults for key983: exit status 127
test    Test    2025-03-16T08:07:52.1472240Z 2025/03/16 08:07:52 Failed to write defaults for key984: exit status 127
test    Test    2025-03-16T08:07:52.1487643Z 2025/03/16 08:07:52 Failed to write defaults for key985: exit status 127
test    Test    2025-03-16T08:07:52.1502606Z 2025/03/16 08:07:52 Failed to write defaults for key986: exit status 127
test    Test    2025-03-16T08:07:52.1518489Z 2025/03/16 08:07:52 Failed to write defaults for key987: exit status 127
test    Test    2025-03-16T08:07:52.1533389Z 2025/03/16 08:07:52 Failed to write defaults for key988: exit status 127
test    Test    2025-03-16T08:07:52.1549300Z 2025/03/16 08:07:52 Failed to write defaults for key989: exit status 127
test    Test    2025-03-16T08:07:52.1565009Z 2025/03/16 08:07:52 Failed to write defaults for key990: exit status 127
test    Test    2025-03-16T08:07:52.1581408Z 2025/03/16 08:07:52 Failed to write defaults for key991: exit status 127
test    Test    2025-03-16T08:07:52.1596634Z 2025/03/16 08:07:52 Failed to write defaults for key992: exit status 127
test    Test    2025-03-16T08:07:52.1611474Z 2025/03/16 08:07:52 Failed to write defaults for key993: exit status 127
test    Test    2025-03-16T08:07:52.1627461Z 2025/03/16 08:07:52 Failed to write defaults for key994: exit status 127
test    Test    2025-03-16T08:07:52.1642723Z 2025/03/16 08:07:52 Failed to write defaults for key995: exit status 127
test    Test    2025-03-16T08:07:52.1657896Z 2025/03/16 08:07:52 Failed to write defaults for key996: exit status 127
test    Test    2025-03-16T08:07:52.1672654Z 2025/03/16 08:07:52 Failed to write defaults for key997: exit status 127
test    Test    2025-03-16T08:07:52.1688052Z 2025/03/16 08:07:52 Failed to write defaults for key998: exit status 127
test    Test    2025-03-16T08:07:52.1702937Z 2025/03/16 08:07:52 Failed to write defaults for key999: exit status 127
test    Test    2025-03-16T08:07:52.1704974Z 2025/03/16 08:07:52 Note: Failed to delete com.test.mdefaults.e2e.boolTest - may not exist: exec: "defaults": executable file not found in $PATH
test    Test    2025-03-16T08:07:52.1765271Z 2025/03/16 08:07:52 Warning: Failed to clean up test key com.test.mdefaults.e2e.boolTest: exec: "defaults": executable file not found in $PATH
test    Test    2025-03-16T08:07:52.1766404Z 2025/03/16 08:07:52 Note: Failed to delete com.test.mdefaults.e2e.intTest - may not exist: exec: "defaults": executable file not found in $PATH
test    Test    2025-03-16T08:07:52.1825809Z 2025/03/16 08:07:52 Warning: Failed to clean up test key com.test.mdefaults.e2e.intTest: exec: "defaults": executable file not found in $PATH
test    Test    2025-03-16T08:07:52.1827048Z 2025/03/16 08:07:52 Note: Failed to delete com.test.mdefaults.e2e.floatTest - may not exist: exec: "defaults": executable file not found in $PATH
test    Test    2025-03-16T08:07:52.1896254Z 2025/03/16 08:07:52 Warning: Failed to clean up test key com.test.mdefaults.e2e.floatTest: exec: "defaults": executable file not found in $PATH
test    Test    2025-03-16T08:07:52.1897542Z 2025/03/16 08:07:52 Note: Failed to delete com.test.mdefaults.e2e.stringTest - may not exist: exec: "defaults": executable file not found in $PATH
test    Test    2025-03-16T08:07:52.1956643Z 2025/03/16 08:07:52 Warning: Failed to clean up test key com.test.mdefaults.e2e.stringTest: exec: "defaults": executable file not found in $PATH
test    Test    2025-03-16T08:07:52.1957670Z --- FAIL: TestValueTypeE2E (0.03s)
test    Test    2025-03-16T08:07:52.1958236Z     --- FAIL: TestValueTypeE2E/Boolean (0.01s)
test    Test    2025-03-16T08:07:52.1959343Z         type_e2e_test.go:99: Failed to read type: exec: "defaults": executable file not found in $PATH
test    Test    2025-03-16T08:07:52.1960054Z             Output:
test    Test    2025-03-16T08:07:52.1961012Z         type_e2e_test.go:112: Failed to read value: exec: "defaults": executable file not found in $PATH
test    Test    2025-03-16T08:07:52.1961728Z             Output:
test    Test    2025-03-16T08:07:52.1962896Z         type_e2e_test.go:161: Expected config to contain type marker '-boolean', but got: com.test.mdefaults.e2e boolTest
test    Test    2025-03-16T08:07:52.1963981Z     --- FAIL: TestValueTypeE2E/Integer (0.01s)
test    Test    2025-03-16T08:07:52.1964853Z         type_e2e_test.go:99: Failed to read type: exec: "defaults": executable file not found in $PATH
test    Test    2025-03-16T08:07:52.1965576Z             Output:
test    Test    2025-03-16T08:07:52.1966472Z         type_e2e_test.go:112: Failed to read value: exec: "defaults": executable file not found in $PATH
test    Test    2025-03-16T08:07:52.1967161Z             Output:
test    Test    2025-03-16T08:07:52.1968240Z         type_e2e_test.go:161: Expected config to contain type marker '-integer', but got: com.test.mdefaults.e2e intTest
test    Test    2025-03-16T08:07:52.1969093Z     --- FAIL: TestValueTypeE2E/Float (0.01s)
test    Test    2025-03-16T08:07:52.1970122Z         type_e2e_test.go:99: Failed to read type: exec: "defaults": executable file not found in $PATH
test    Test    2025-03-16T08:07:52.1970843Z             Output:
test    Test    2025-03-16T08:07:52.1971786Z         type_e2e_test.go:112: Failed to read value: exec: "defaults": executable file not found in $PATH
test    Test    2025-03-16T08:07:52.1972504Z             Output:
test    Test    2025-03-16T08:07:52.1973774Z         type_e2e_test.go:161: Expected config to contain type marker '-float', but got: com.test.mdefaults.e2e floatTest
test    Test    2025-03-16T08:07:52.1974672Z     --- FAIL: TestValueTypeE2E/String (0.01s)
test    Test    2025-03-16T08:07:52.1975722Z         type_e2e_test.go:99: Failed to read type: exec: "defaults": executable file not found in $PATH
test    Test    2025-03-16T08:07:52.1976442Z             Output:
test    Test    2025-03-16T08:07:52.1977425Z         type_e2e_test.go:112: Failed to read value: exec: "defaults": executable file not found in $PATH
test    Test    2025-03-16T08:07:52.1978111Z             Output:
test    Test    2025-03-16T08:07:52.1979098Z         type_e2e_test.go:161: Expected config to contain type marker '-string', but got: com.test.mdefaults.e2e stringTest
test    Test    2025-03-16T08:07:52.1979553Z FAIL
test    Test    2025-03-16T08:07:52.1979879Z FAIL       github.com/fumiya-kume/mdefaults/v2     1.765s
test    Test    2025-03-16T08:07:52.1980369Z FAIL
test    Test    2025-03-16T08:07:52.2105491Z ##[error]Process completed with exit code 1.
